  137  cd scripts
  138  mkdir scripts
  139  cd scripts/
  140  vi EmailAutomation
  141  ls -l
  142  chmod +x+x+x EmailAutomation
  143  ls -l
  144  bash EmailAutomation 
  145  sud 
  146  ls 
  147  ls 
  148  cd scripts/
  149  vim
  150  vim EmailAutomation 
  151  ./EmailAutomation
  152  cat /var/log/mail.log 
  153  ls
  154  vim EmailAutomation 
  155  ./EmailAutomation
  156  cat /var/log/mail.log
  157  ./EmailAutomation
  158  cat /var/log/mail.log
  159  vim EmailAutomation 
  160  cat /var/log/mail.log
  161  cd 
  162  ls
  163  cd scripts/
  164  ls
  165  vi EmailAutomation 
  166  ./EmailAutomation 
  167  tail -f /var/log/mail.log 
  168  mailstatus
  169  mailq
  170  vim EmailAutomation 
  171  echo "Test mail from postfix" | mail -s "Test Postfix" atlapavan8@gmail.com
  172  vim EmailAutomation 
  173  vim EmailAutomation
  174  vim /etc/postfix/main.cf
  175  cat /etc/aliases
  176  vi /etc/aliases
  177  ./EmailAutomation 
  178  vi /etc/aliases
  179  vim /etc/postfix/main.cf
  180  ./EmailAutomation 
  181  vi /etc/aliases
  182  sudo postconf -e 'virtual_alias_maps= hash:/etc/postfix/virtual'
  183  sudo nano /etc/postfix/virtual
  184  sudo postmap /etc/postfix/virtual
  185  sudo systemctl restart postfix
  186  cat /etc/postfix/virtual
  187  ./EmailAutomation 
  188  vi EmailAutomation 
  189  history 
  190  vi /etc/postfix/virtual
  191  vi vim /etc/postfix/main.cf
  192  vim /etc/postfix/main.cf
  193  sudo postmap /etc/postfix/virtual
  194  sudo systemctl restart postfix
  195  cat EmailAutomation 
  196  echo "Test mail from postfix" | mail -s "Test Postfix" atlapavan8@gmail.com
  197  tail -f /var/log/mail.log 
  198  export REPLYTO=atlapavan8@gmail.com
  199  mail -aFrom:atlapavan8@gmail.com -s 'Testing'
  200  cd /home/ubuntu/temp/
  201  ls 
  202  cd mark1/
  203  cat jenkins\,apache\,tomcat\ up.txt 
  204  cd 
  205  cd /home/
  206  cd 
  207  ls 
  208  cd /home/ubuntu/
  209  cd /tem
  210  cd temp/
  211  ls 
  212  git clone git@github.com:luckystarpavan/mark1.git
  213  ls
  214  ls -l
  215  cd mark1/
  216  ls 
  217  sd
  218  ssh-keygen
  219  cat /root/.ssh/id_rsa.pub
  220  mkdir Deops
  221  mkdir Devops
  222  cd Devops/
  223  ls
  224  git init 
  225  echo "# Devops" >> README.md
  226  git add README.md
  227  git commit -m "first commit"
  228  cd Devops/
  229  ls
  230  git remote add origin git@github.com:luckystarpavan/Devops.git
  231  git config -l
  232  git remote add pavan git@github.com:luckystarpavan/Devops.git
  233  git config -l
  234  git push
  235  git push origin
  236  git push
  237  cd ..
  238  mkdir temp
  239  cd temp/
  240  git clone git@github.com:luckystarpavan/Devops.git
  241  cd Devops/
  242  ls
  243  git config -l
  244  cd ..
  245  rm -rf Devops/
  246  git init
  247  git config -l
  248  java -jar jenkins.war --httpPort=8080
  249  cd /home/ub
  250  cd /home/ubuntu/temp/
  251  ls 
  252  cd mark1/
  253  lscd 
  254  cd 
  255  cd scripts/
  256  vi EmailAutomation 
  257  tree
  258  apt-get tree
  259  apt-get install tree -y
  260  tree
  261  cd /home
  262  tree
  263  tree -a
  264  cd 
  265  ps -ef
  266  tree
  267  ps -ef | grep jenkins 
  268  rsync 
  269  ps -ef | grep git 
  270  git add .
  271  cd /usr
  272  ls 
  273  cd src
  274  ls
  275  mkdir apache
  276  ls
  277  mkdir /usr/src/apache
  278  chown `whoami` /usr/src/apache
  279  cd apache/
  280  wget https://www-eu.apache.org/dist/apr/apr-1.7.0.tar.bz2
  281  wget https://www.apache.org/dist/apr/apr-1.7.0.tar.bz2.sha256
  282  sha256sum --check apr-1.7.0.tar.bz2.sha256
  283  tar -xvjf apr-1.7.0.tar.bz2
  284  ls
  285  cd apr-1.7.0
  286  ./configure --prefix=/usr/local/apr/
  287  make
  288  cd /usr/src/apache
  289  cd apr-1.7.0/
  290  make
  291  make install
  292  apt install make
  293  cd /usr/src/apache
  294  wget https://www-eu.apache.org/dist/apr/apr-util-1.6.1.tar.bz2
  295  wget https://www.apache.org/dist/apr/apr-util-1.6.1.tar.bz2.sha256
  296  sha256sum --check apr-util-1.6.1.tar.bz2.sha256
  297  tar -xvjf apr-util-1.6.1.tar.bz2
  298  cd apr-util-1.6.1
  299  ./configure --prefix=/usr/local/apr/ --with-apr=/usr/local/apr/
  300  make
  301  sudo make install
  302  cd ..
  303  wget https://www-eu.apache.org/dist//httpd/httpd-2.4.39.tar.bz2
  304  wget https://www.apache.org/dist/httpd/httpd-2.4.39.tar.bz2.sha256
  305  sha256sum --check httpd-2.4.39.tar.bz2.sha256
  306  tar -xvjf httpd-2.4.39.tar.bz2
  307  cd httpd-2.4.39
  308  ./configure --prefix=/opt/apache-2.4.39  --with-apr=/usr/local/apr/bin/apr-1-config --with-apr-util=/usr/local/apr/bin/apu-1-config    --enable-mpms-shared=event    --enable-mods-shared=all    --enable-nonportable-atomics=yes
  309  ./configure --prefix=/opt/apache-2.4.39  --with-apr=/usr/local/apr/bin/apr-1-config --with-apr-util=/usr/local/apr/bin/apu-1-config    --enable-mpms-shared=event    --enable-mods-shared=all \
  310  make
  311  chown -R `whoami` /opt/apache-2.4.39
  312  apt-get install unzip
  313  unzip Mini-Project-in-C-Calendar.zip 
  314  ls
  315  java -jar jenkins.war --httpPort=8080
  316  history
  317  exit
  318  history
  319  vi test.sh
  320  ps -ef
  321  curl -v 127.0.0.1
  322  curl 127.0.0.1
  323  ls
  324  tar -xvjf apr-util-1.6.1.tar.bz2
  325  ls -l
  326  ls -ltr
  327  cd apr-util-1.6.1
  328  ls -l
  329  ./configure --prefix=/usr/local/apr/ --with-apr=/usr/local/apr/
  330  make clean
  331  make
  332  apt-get install -y gawk libexpat1-dev libpcre3-dev libssl-dev libxml2-dev libyajl-dev nikto ruby ssl-cert zlibc zlib1g-dev 
  333  make
  334  make install
  335  cd ..
  336  ls -l
  337  tar -xvf httpd-2.4.39.tar.bz2
  338  ls -l
  339  cd httpd-2.4.39
  340  ls -l
  341  ls | grep index
  342  pwd
  343  find . -name index.html
  344  cat ./docs/manual/index.html
  345  grep -rn "works"
  346  grep -rn "it works"
  347  grep -rn "It works!"
  348  vi docs/docroot/index.html
  349  ./configure --prefix=/opt/apache-2.4.39  --with-apr=/usr/local/apr/bin/apr-1-config    --with-apr-util=/usr/local/apr/bin/apu-1-config    --enable-mpms-shared=event    --enable-mods-shared=all    --enable-nonportable-atomics=yes
  350  make
  351  ./configure --prefix=/opt/apache-2.4.39  --with-apr=/usr/local/apr/bin/apr-1-config    --with-apr-util=/usr/local/apr/bin/apu-1-config    --enable-mpms-shared=event    --enable-mods-shared=all    --enable-nonportable-atomics=yes --with-included-apr-util
  352  make clean
  353  make 
  354  cd 
  355  apt-get download apache2
  356  ls
  357  dpkg -x apache2_2.4.29-1ubuntu4.11_amd64.deb 
  358  dpkg -x apache2_2.4.29-1ubuntu4.11_amd64.deb  .
  359  ls
  360  mkdir temp
  361  cd temp/
  362  dpkg -x ../apache2_2.4.29-1ubuntu4.11_amd64.deb  .
  363  ls
  364  cd .
  365  cd ..
  366  apt-get --help
  367  cd temp/
  368  rm  -rf *
  369  apt-get source apach2 
  370  apt-get source apache2 
  371  vi /etc/apt/sources.list
  372  apt-get update
  373  apt-get source apache2 
  374  wget https://launchpad.net/ubuntu/+source/apache2/2.4.18-2ubuntu3.14/+build/17865447
  375  apt-cache search apache2
  376  apt-cache policy apache2
  377  vi /etc/apt/sources.list
  378  apt-get update
  379  history 
  380  apt-get source apache2
  381  apt-get source apache2 
  382  apt-cache policy apache2
  383  vi /etc/apt/sources.list
  384  apt-get update
  385  apt-get source apache2 
  386  ls
  387  tar -zxvf apache2_2.4.29.orig.tar.gz 
  388  cd httpd-2.4.29/
  389  ls
  390  ./configure 
  391  make clean
  392  make 
  393  /configure --with-expat=builtin
  394  ./configure --with-expat=builtin
  395  make clean
  396  make 
  397  make distclean
  398  make 
  399  apt-get install apr-util
  400  apt-get install apache2
  401  make clean
  402  ./configure --with-expat=builtin
  403  make 
  404  ls /usr/local/apr//lib/libaprutil-1.so\
  405  ls /usr/local/apr//lib/libaprutil-1.so
  406  make all
  407  sudo apt-get install libnghttp2-dev
  408  sudo apt-get install libxml2-dev
  409  sudo apt install apache2-dev -y
  410  ./configure 
  411  make 
  412  ls -a
  413  cd docs/
  414  ls
  415  find . -name index.html
  416  vi ./docroot/index.html
  417  cd ..
  418  cd -
  419  make clean
  420  ./configure 
  421  make
  422  service apache2 stop
  423  make install
  424  ls /usr/local/apache2/bin/
  425  ls /usr/local/apache2/bin/httpd --help
  426  httpd -X
  427  ./httpd -X
  428  history
  429  ls
  430  mkdir git
  431  cd git/
  432  ssh-keygen -t rsa
  433  java -jar jenkins.war --httpPort=8080
  434  ls
  435  touch hari
  436  ls
  437  cd hari/
  438  ls
  439  touch hari
  440  mkdir krishna
  441  cd 
  442  cd git/Devops/
  443  ls
  444  git clean -fdx
  445  shopt -e
  446  shopt --help
  447  shopt -o
  448  shopt -s'
  449  shopt -s
  450  ls
  451  rm -rf apache2-2.4.29/
  452  clear
  453  ls
  454  clear
  455  ls
  456  apt-get source apache2 
  457  ls
  458  rm -rf apache2-2.4.29 apache2_2.4.29-1ubuntu4.11.debian.tar.xz apache2_2.4.29-1ubuntu4.11.dsc
  459  ls
  460  tar -zxvf apache2_2.4.29.orig.tar.gz 
  461  git add httpd-2.4.29/
  462  git commit -m inital httpd
  463  ls -a
  464  git commit -m "inital httpd"
  465  git push
  466  ls 
  467  git diff
  468  ls 
  469  java -jar jenkins.war --httpPort=8080
  470  cd 
  471  ls
  472  java -jar jenkins.war --httpPort=8080
  473  cd git/
  474  ls -a
  475  cd 
  476  ls
  477  ls 
  478  ls -a
  479  pwd
  480  cd .ssh/
  481  ls
  482  cat id_rsa
  483  git status
  484  cd git/
  485  ls 
  486  git status
  487  init git
  488  apt init git
  489  apt-get init git
  490  cd ' 
  491  cd 
  492  cd 
  493  cd git/
  494  ssh-keygen -t rsa
  495  ls 
  496  git clone git@github.com:luckystarpavan/Devops.git
  497  ls -a
  498  ls 
  499  cd  ..
  500  ls -a 
  501  cd .ssh
  502  ls 
  503  cat id_rsa.pub 
  504  cat id_rsa.pub
  505  cd 
  506  cd git
  507  git clone git@github.com:luckystarpavan/Devops.git
  508  ls 
  509  cd dev
  510  ls -a
  511  ls -l
  512  cd Devops/
  513  ls 
  514  apt-get source apache2
  515  cd /etc/apt/sources.list
  516  vi  /etc/apt/sources.list
  517  apt-get source apache2
  518  ls -a
  519  tar -xvf apache2-2.4.29.orig.tar.gz
  520  tar -xvf apache2_2.4.29.orig.tar.gz
  521  ls -al
  522  mkdir apache2_2.4.29.orig
  523  cd apache2
  524  cd apache2_2.4.29.orig
  525  tar -xvf apache2_2.4.29.orig.tar.gz /root/git/Devops/apache2_2.4.29.orig
  526  ls 
  527  cd 
  528  cd /git/Devops/apache2_2.4.29.orig
  529  cd /git/Devops
  530  cd git/Devops
  531  ls 
  532  rm apache2_2.4.29.orig
  533  rmdir  apache2_2.4.29.orig
  534  ls 
  535  tar -tvf
  536  tar -tvf apache2_2.4.29.orig.tar.gz
  537  ls 
  538  history 
  539  ls
  540  cd apache2-2.4.29/
  541  ls -la 
  542  ls 
  543  history
  544  cd ..
  545  ls 
  546  rm -rf *
  547  ls 
  548  apt-get download apache2
  549  ls
  550  cd apache2-2.4.29
  551  ls
  552  tar -tvf apache2_2.4.29.orig.tar.gz
  553  ls 
  554  tar -tvf apache2_2.4.29-1ubuntu4.11.debian.tar.xz
  555  ls 
  556  cd apache2-2.4.29/
  557  ls
  558  cd ..
  559  ls 
  560  rm -rf apache2_2.4.29-1ubuntu4.11.debian.tar.xz apache2_2.4.29-1ubuntu4.11.dsc apache2_2.4.29-1ubuntu4.11_amd64.deb
  561  ls 
  562  rm -rfv apache2_2.4.29.orig.tar.gz 
  563  ls 
  564  git add * 
  565  git commit -m added_file
  566  ./configure
  567  ls 
  568  cd apache2-2.4.29/
  569  ls 
  570  ./configure
  571  make
  572  apt-get install  -y apache2-dev build-essential binutils gcc gawk libexpat1-dev libpcre3-dev libssl-dev libxml2-dev libyajl-dev nikto ruby ssl-cert zlibc zlib1g-dev
  573  make
  574  cd ..
  575  apt-get source apache2
  576  ls
  577  tar -zxvf apache2_2.4.29.orig.tar.gz
  578  cd httpd-2.4.29/
  579  ./configure 
  580  make 
  581  make install
  582  cd /usr/local/apache2/
  583  ls
  584  cd bin/
  585  ls
  586  ./httpd --help
  587  ps -ef
  588  service apache2 stop
  589  ./httpd --help
  590  ps -ef
  591  curl -v 127.0.0.1:8080
  592  kill -9 29277
  593  ps -ef
  594  kill -9 daemon
  595  kill -9 29278 29279 29280
  596  curl -v 127.0.0.1:8080
  597  ./httpd
  598  curl -v 127.0.0.1:80
  599  cd /var/www/html/
  600  ls
  601  mv index.html index.html-bkp
  602  curl -v 127.0.0.1:80
  603  mv index.html-bkp /root/
  604  curl -v 127.0.0.1:80
  605  ls
  606  cd  /etc/apache2/
  607  ls
  608  cd /root/git/Devops/httpd-2.4.29/
  609  ls
  610  vi /etc/apache2/apache2.conf 
  611  cd /var/www/html/
  612  mkdir hari
  613  cd ..
  614  mkdir hari
  615  vi /etc/apache2/apache2.conf 
  616  ps -ef | grep http
  617  kill -9 29367 29368
  618  kill -9 29369 29370 
  619  cd /usr/local/apache2/
  620  ls
  621  cd bin/
  622  ls
  623  ./httpd -X
  624  ps -ef | grep apache2 | awk '{print $2}' | kill -9 
  625  ps -ef | grep apache2 | awk '{print $2}' | xargs kill -9 
  626  ps -ef 
  627  service apache2 start
  628  curl -v 127.0.0.1:80
  629  vi /etc/apache2/apache2.conf 
  630  service apache2 stop
  631  service apache2 start
  632  vi /etc/apache2/apache2.conf 
  633  vi /etc/apache2/conf-enabled/
  634  cd /var/www/html/
  635  ls
  636  mv /root/index.html-bkp .
  637  ps -ef | grep apach2
  638  ps -ef | grep apache2
  639  service apache2 status
  640  service apache2 stop
  641  cat /lib/systemd/system/apache2.service
  642  cd /usr/local/apache2/
  643  ls
  644  cd bin/
  645  ./httpd -X
  646  ls
  647  cd .
  648  cd ..
  649  ls
  650  cd cd htdocs/
  651  ls
  652  cd htdocs/
  653  ls
  654  cat index.html 
  655  vi index.html 
  656  cd ../bin/
  657  ./httpd -X
  658  ls
  659  cd ..
  660  ls
  661  cd conf/
  662  ls
  663  vi httpd.conf 
  664  ls
  665  cd ..
  666  ls
  667  cd htdocs/
  668  ls
  669  cp index.html indexhk.html 
  670  cd ../bin/
  671  ./httpd -X
  672  cd ../htdocs/
  673  ls
  674  mkdir hari
  675  cd ../bin/
  676  ./httpd -X
  677  cd 
  678  cd git/Devops/
  679  ls
  680  cd httpd-2.4.29/
  681  git config -l
  682  cd /root/.jenkins/workspace/Project1_FreestyleProject/Devops/httpd-2.4.29/
  683  ls 
  684  make clean
  685  make
  686  cd ..
  687  mkdir temp
  688  cd temp/
  689  apt-get source apache2
  690  ls
  691  tar -zxvf apache2_2.4.29.orig.tar.gz
  692  cd httpd-2.4.29/
  693  ./configure 
  694  make 
  695  cd ..
  696  rm -rf httpd-2.4.29/
  697  tar -zxvf apache2_2.4.29.orig.tar.gz
  698  cd ..
  699  git status
  700  rm -rf httpd-2.4.29/
  701  cd temp/
  702  ls
  703  cd ..
  704  git add temp/
  705  git commit test
  706  git commit -m test
  707  git push
  708  git branch
  709  git push origin master
  710  git remote add origin git@github.com:luckystarpavan/Devops.git
  711  git config -l
  712  git remote add test git@github.com:luckystarpavan/Devops.git
  713  git push test
  714  git push test HEAD:master\
  715  git push test HEAD:master
  716  4
  717  rH/15 * * * *
  718  nohup java -jar jenkins.war --httpPort=8080 &
  719  cd git/
  720  ls 
  721  cd Devops/
  722  ls 
  723  vi test.sh
  724  pwd
  725  cd httpd-2.4.29/
  726  pwd
  727  cd ..
  728  vi test.sh 
  729  ls `pwd`/test.sh
  730  cat /root/git/Devops/test.sh
  731  vi /root/git/Devops/test.sh
  732  ls
  733  history 
  734  history  | grep tar
  735  nohup java -jar jenkins.war --httpPort=8080
  736  nohup java -jar jenkins.war --httpPort=8080 &
  737  ls
  738  wget https://github.com/apache/httpd/archive/2.4.41.tar.gz
  739  ls
  740  rm 2.4.41.tar.gz
  741  ls 
  742  exit
  743  history
  744  nohup java -jar jenkins.war --httpPort=8080 &
  745  cd git/Devops/
  746  ls 
  747  ls ps -ef | genkins
  748  ps -ef | genkins
  749  history
  750  ls ps -ef | jenkins
  751  ls ps -ef | grep jenkins
  752  nohup java -jar jenkins.war --httpPort=8080 &
  753  ip a
  754  [3~
  755  history
  756  nohup java -jar jenkins.war --httpPort=8080 &
  757  cd git
  758  ls 
  759  cd D
  760  cd Devops/
  761  ls 
  762  nohup java -jar jenkins.war --httpPort=8080 &
  763  echo $JAVA_HOME
  764  echo $PATH
  765  ls 
  766  cd git/
  767  ls 
  768  git clone git@github.com:luckystarpavan/game-of-life.git
  769  ls 
  770  git --version
  771  apt update git
  772  apt update
  773  git -c
  774  cd 
  775  mvn
  776  apt-get install maven2 -y 
  777  apt-get install maven* -y 
  778  wget http://mirrors.estointernet.in/apache/maven/maven-3/3.6.2/binaries/apache-maven-3.6.2-bin.zip
  779  ls 
  780  tar -xvfx apache-maven-3.6.2-bin.zip
  781  tar -xvf apache-maven-3.6.2-bin.zip
  782  apt install tar
  783  tar -xvf apache-maven-3.6.2-bin.zip
  784  tar -bxvf apache-maven-3.6.2-bin.zip
  785  tar -xvf apache-maven-3.6.2-bin.zip
  786  ls 
  787  tar -xvf apache-maven-3.6.2-bin.zip
  788  ls 
  789  rm apache-maven-3.6.2-bin.zip
  790  tar -xvfz http://mirrors.estointernet.in/apache/maven/maven-3/3.6.2/binaries/apache-maven-3.6.2-bin.tar.gz
  791  wget  http://mirrors.estointernet.in/apache/maven/maven-3/3.6.2/binaries/apache-maven-3.6.2-bin.tar.gz
  792  ls
  793  ls 
  794  rm apache-maven-3.6.2-bin.tar.gz
  795  ls 
  796  cd apache-maven-3.6.2/
  797  ls 
  798  pwd
  799  cd bin/
  800  pwd 
  801  mvn
  802  .
  803  cd ...
  804  cd git
  805  cd l
  806  ls 
  807  cd 
  808  cd apache-maven-3.6.2/
  809  ls 
  810  cd ..
  811  chown -R  jenkins:jenkins apache-maven-3.6.2/
  812  chown -R  apache-maven-3.6.2/
  813  chown --help
  814  chown -R jenkins:jenkins apache-maven-3.6.2
  815  apt-get install openjdk-11*
  816  apt-get install openjdk-11* -y
  817  cd /var/lib/
  818  ls 
  819  ls -a
  820  cd 
  821  ls
  822  cd jen
  823  cd .jenkins/
  824  ls \
  825  ls 
  826  cd ..
  827  ls -a
  828  cat .ssh/id_rsa.pub
  829  ls 
  830  cd .j
  831  cd .jenkins/
  832  cd jobs/
  833  ls 
  834  cd 
  835  cd .jenkins/
  836  ls 
  837  cd userContent/
  838  ls 
  839  touch another_file
  840  echo $PATH
  841  $JAVA_HOME
  842  echo $JAVA_HOME
  843  ls 
  844  cd .jenkins/
  845  ls 
  846  ll
  847  ssh-keygen -t rsa
  848  l
  849  ll
  850  ls -a
  851  echo $JAVA_HOME
  852  ls 
  853  echo $JAVA_HOME
  854  echo $PATH
  855  .
  856  cd 
  857  cd git/
  858  l
  859  ls 
  860  cd jenkins-example/
  861  ls 
  862  vi pom.xml 
  863  git add * 
  864  git commit 
  865  ls 
  866  vi pom.xml 
  867  git status
  868  git commit -m "this is update for this code"
  869  git push
  870  ls 
  871  vi pom.xml 
  872  ls
  873  cd git/
  874  ls
  875  git clone git@github.com:luckystarpavan/jenkins-example.git
  876  ls
  877  cd jenkins-example/
  878  ls
  879  cd ..history 
  880  history 
  881  nohup java -jar jenkins.war --httpPort=8080 &
  882  ls 
  883  dc D
  884  cd git/
  885  cd dD
  886  cd Devops/
  887  ls 
  888  vi kernelCompailation.sh/
  889  ls 
  890  cd git/
  891  ls 
  892  cd Devops/
  893  ls
  894  mkdir kernelCompailation
  895  cd kernelCompailation/
  896  ls 
  897  vi kerner_try_auto
  898  cd git/Devops/
  899  mv kernelCompailation kernelCompailation.sh
  900  vi kernelCompailation.sh/
  901  ls 
  902  vi kernelCompailation.sh
  903  ls 
  904  vi kernelCompailation.sh/
  905  vi kernelCompailation.sh
  906  VERSION
  907  VERSION='2.6.16.1'
  908  uname -r
  909  cd git/Devops/
  910  ls 
  911  vi test.sh 
  912  vi /git/Devops/kernelCompailation.sh/
  913  cd /git/D
  914  ls
  915  ls 
  916  cd Devops/
  917  vi test.sh 
  918  uname -r
  919  echo "Cleaning houseuname -r"
  920  ls 
  921  echo "Cleaning houseuname -r"
  922  ARCH
  923  cd git/
  924  cd Devops/
  925  vi test.sh
  926  vi test1_working.sh
  927  ls 
  928  git add test1_working.sh
  929  git status
  930  git commit test1_working.sh -m "test script for Kernel Compailation"
  931  git push
  932  ls 
  933  git status
  934  git commit
  935  ls 
  936  git push
  937  chmod +x test1_working.sh
  938  git add test1_working.sh
  939  git commit test1_working.sh -m "test script for Kernel Compailation"
  940  git commit test1_working.sh -m "test script for Kernel Compailation-->1"
  941  git push
  942  nohup java -jar jenkins.war --httpPort=8080 &
  943  cd git/
  944  cd Devops/
  945  ls 
  946  git push test1_working.sh
  947  gitrepolist
  948  git repolist
  949  git rev-list
  950  git push origin master
  951  cd ..
  952  cd 
  953  ssh git@github.com:luckystarpavan/Devops.git
  954  cat /root/.ssh/id_rsa.pub
  955  git push origin master
  956  cd git/Devops/
  957  git push origin master
  958  ls 
  959  git push
  960  ls 
  961  cd git/Devops/
  962  ls 
  963  cd 
  964  cd git/Devops/
  965  ls
  966  git status
  967  rm -rf httpd-2.4.29/test/Makefile
  968  ls
  969  rm -rf httpd-2.4.29/ 
  970  git status
  971  rm .test.sh.swp 
  972  rm apache2_2.4.29.orig.tar.gz 
  973  clear
  974  ls
  975  git status
  976  git rm  httpd-2.4.29
  977  git rm  -r httpd-2.4.29 
  978  git status
  979  git rm  -r apache2-2.4.29
  980  git status
  981  git  rm README.md
  982  git status
  983  cd kernelCompailation.sh/
  984  ls
  985  cd ..
  986  ls
  987  rm kernelCompailation.sh/
  988  rmdir kernelCompailation.sh/
  989  rmdir kernelCompailation.sh/ -rf
  990  rm  kernelCompailation.sh/ -rf
  991  ls
  992  cat test
  993  cat test.sh 
  994  ls
  995  git clean -fdx
  996  git reset --hard
  997  git  status
  998  git push
  999  git config -l
 1000  git fetch
 1001  git push
 1002  git pull
 1003  git push
 1004  git pullrefs/heads/masterrefs/heads/master
 1005  git config  -l
 1006  cd ..
 1007  mkdir temp
 1008  cd temp/
 1009  mkdir a
 1010  mkdir b
 1011  cd a/
 1012  git clone git@github.com:luckystarpavan/Devops
 1013  ls
 1014  cd Devops/
 1015  git checkout master
 1016  cd ..
 1017  cd ../b/
 1018  git clone git@github.com:luckystarpavan/Devops
 1019  cd Devops/
 1020  git checkout master
 1021  cd ../
 1022  cd ../a/
 1023  ls
 1024  cd Devops/
 1025  ls
 1026  touch a
 1027  git add a
 1028  git commit a
 1029  git log -1
 1030  git push
 1031  cd ../../b/
 1032  touch b
 1033  git add b
 1034  cd Devops/
 1035  touch b
 1036  git add b
 1037  git commit -m b
 1038  git log -1
 1039  git push
 1040  git pull
 1041  git whatchanged -1
 1042  git whatchanged -2
 1043  git whatchanged -3
 1044  cd ../../a/
 1045  cd Devops/
 1046  git log -1
 1047  touch a1
 1048  git add a1
 1049  git commit -m a1
 1050  git push
 1051  cd ../b
 1052  cd ../../b/Devops/
 1053  git log -1
 1054  touch c
 1055  git add c
 1056  git commit -m c
 1057  git log -2
 1058  git push
 1059  git pull
 1060  git log -1
 1061  git log -2
 1062  git push
 1063  cd ../../a/
 1064  cd Devops/
 1065  git pull
 1066  git log -1
 1067  git pull
 1068  git log -2
 1069  cd ../../b/
 1070  cd Devops/
 1071  git log -2
 1072  ls 
 1073  vi test1_working.sh 
 1074  ls
 1075  mkdir kernel
 1076  cd kernel/
 1077  bash ../test1_working.sh 
 1078  ls 
 1079  cd ..
 1080  vi test1_working.sh 
 1081  ls 
 1082  cd gi
 1083  ls 
 1084  cd g
 1085  cd git
 1086  ls 
 1087  exit
 1088  make clean
 1089  nohup java -jar jenkins.war --httpPort=8080 &
 1090  ls 
 1091  cd 
 1092  ps -ef | grep jenkins 
 1093  ping 18.212.120.166
 1094  nohup java -jar jenkins.war --httpPort=8080 &
 1095  ps -ef | grep jenkins 
 1096  java -jar jenkins.war --httpPort=8080 
 1097  ls 
 1098  cd s
 1099  cd scripts/
 1100  ls 
 1101  em
 1102  vi em
 1103  ls 
 1104  vi EmailAutomation 
 1105  ls
 1106  cd
 1107  ls 
 1108  jenkinsls -a
 1109  ll
 1110  rm -vfr .jenkins/
 1111  LS 
 1112  ls 
 1113  .sad 'fs'd
 1114  ps -aux | grep -i
 1115  ps -aux | grep -i .jenkins
 1116  ls 
 1117  ps -aux | grep -i .jenkins/workspace/practice_freestyle/Devops/temp/apache2-2.4.29/.pc/mod_http2-1.15.4-backport-0001.patch/modules/http2/h2_headers.c
 1118  cd /proc/
 1119  ls 
 1120  find /proc -name .jenkins
 1121  find /proc -name ".jenkins"
 1122  find /proc -name "*jenkins*"
 1123  find /proc -name jenkins
 1124  sudo apt-get install testdisk
 1125  test --version
 1126  test -v
 1127  testdisk -v
 1128  testdisk -version
 1129  sudo apt-get update testdisk
 1130  testdisk
 1131  history
 1132  history >> history.lo
 1133  history > history.lo
 1134  touch history.lo
 1135  cd 
 1136  history > history.log
