Running from: /root/jenkins.war
webroot: $user.home/.jenkins
2019-12-14 10:11:30.037+0000 [id=1]	INFO	org.eclipse.jetty.util.log.Log#initialized: Logging initialized @773ms to org.eclipse.jetty.util.log.JavaUtilLog
2019-12-14 10:11:30.278+0000 [id=1]	INFO	winstone.Logger#logInternal: Beginning extraction from war file
2019-12-14 10:11:32.855+0000 [id=1]	WARNING	o.e.j.s.handler.ContextHandler#setContextPath: Empty contextPath
2019-12-14 10:11:32.956+0000 [id=1]	INFO	org.eclipse.jetty.server.Server#doStart: jetty-9.4.z-SNAPSHOT; built: 2019-05-02T00:04:53.875Z; git: e1bc35120a6617ee3df052294e433f3a25ce7097; jvm 1.8.0_222-8u222-b10-1ubuntu1~18.04.1-b10
2019-12-14 10:11:33.488+0000 [id=1]	INFO	o.e.j.w.StandardDescriptorProcessor#visitServlet: NO JSP Support for /, did not find org.eclipse.jetty.jsp.JettyJspServlet
2019-12-14 10:11:33.608+0000 [id=1]	INFO	o.e.j.s.s.DefaultSessionIdManager#doStart: DefaultSessionIdManager workerName=node0
2019-12-14 10:11:33.609+0000 [id=1]	INFO	o.e.j.s.s.DefaultSessionIdManager#doStart: No SessionScavenger set, using defaults
2019-12-14 10:11:33.615+0000 [id=1]	INFO	o.e.j.server.session.HouseKeeper#startScavenging: node0 Scavenging every 600000ms
Jenkins home directory: /root/.jenkins found at: $user.home/.jenkins
2019-12-14 10:11:34.583+0000 [id=1]	INFO	o.e.j.s.handler.ContextHandler#doStart: Started w.@4e4efc1b{Jenkins v2.190.3,/,file:///root/.jenkins/war/,AVAILABLE}{/root/.jenkins/war}
2019-12-14 10:11:34.635+0000 [id=1]	INFO	o.e.j.server.AbstractConnector#doStart: Started ServerConnector@6cb107fd{HTTP/1.1,[http/1.1]}{0.0.0.0:8080}
2019-12-14 10:11:34.635+0000 [id=1]	INFO	org.eclipse.jetty.server.Server#doStart: Started @5371ms
2019-12-14 10:11:34.647+0000 [id=20]	INFO	winstone.Logger#logInternal: Winstone Servlet Engine v4.0 running: controlPort=disabled
2019-12-14 10:11:36.351+0000 [id=25]	INFO	jenkins.InitReactorRunner$1#onAttained: Started initialization
2019-12-14 10:11:36.411+0000 [id=25]	INFO	jenkins.InitReactorRunner$1#onAttained: Listed all plugins
2019-12-14 10:11:38.912+0000 [id=25]	INFO	jenkins.InitReactorRunner$1#onAttained: Prepared all plugins
2019-12-14 10:11:38.919+0000 [id=25]	INFO	jenkins.InitReactorRunner$1#onAttained: Started all plugins
2019-12-14 10:11:38.951+0000 [id=26]	INFO	jenkins.InitReactorRunner$1#onAttained: Augmented all extensions
2019-12-14 10:11:41.122+0000 [id=26]	INFO	jenkins.InitReactorRunner$1#onAttained: Loaded all jobs
2019-12-14 10:11:41.656+0000 [id=39]	INFO	hudson.model.AsyncPeriodicWork$1#run: Started Download metadata
2019-12-14 10:11:41.696+0000 [id=39]	INFO	hudson.util.Retrier#start: Attempt #1 to do the action check updates server
2019-12-14 10:11:43.399+0000 [id=26]	INFO	o.s.c.s.AbstractApplicationContext#prepareRefresh: Refreshing org.springframework.web.context.support.StaticWebApplicationContext@33e04cea: display name [Root WebApplicationContext]; startup date [Sat Dec 14 10:11:43 UTC 2019]; root of context hierarchy
2019-12-14 10:11:43.411+0000 [id=26]	INFO	o.s.c.s.AbstractApplicationContext#obtainFreshBeanFactory: Bean factory for application context [org.springframework.web.context.support.StaticWebApplicationContext@33e04cea]: org.springframework.beans.factory.support.DefaultListableBeanFactory@553e9e03
2019-12-14 10:11:43.449+0000 [id=26]	INFO	o.s.b.f.s.DefaultListableBeanFactory#preInstantiateSingletons: Pre-instantiating singletons in org.springframework.beans.factory.support.DefaultListableBeanFactory@553e9e03: defining beans [authenticationManager]; root of factory hierarchy
2019-12-14 10:11:44.117+0000 [id=26]	INFO	o.s.c.s.AbstractApplicationContext#prepareRefresh: Refreshing org.springframework.web.context.support.StaticWebApplicationContext@3140def3: display name [Root WebApplicationContext]; startup date [Sat Dec 14 10:11:44 UTC 2019]; root of context hierarchy
2019-12-14 10:11:44.118+0000 [id=26]	INFO	o.s.c.s.AbstractApplicationContext#obtainFreshBeanFactory: Bean factory for application context [org.springframework.web.context.support.StaticWebApplicationContext@3140def3]: org.springframework.beans.factory.support.DefaultListableBeanFactory@39410ab7
2019-12-14 10:11:44.127+0000 [id=26]	INFO	o.s.b.f.s.DefaultListableBeanFactory#preInstantiateSingletons: Pre-instantiating singletons in org.springframework.beans.factory.support.DefaultListableBeanFactory@39410ab7: defining beans [filter,legacy]; root of factory hierarchy
2019-12-14 10:11:44.806+0000 [id=26]	INFO	jenkins.install.SetupWizard#init: 

*************************************************************
*************************************************************
*************************************************************

Jenkins initial setup is required. An admin user has been created and a password generated.
Please use the following password to proceed to installation:

7aa16188941748a98ded1724749ea981

This may also be found at: /root/.jenkins/secrets/initialAdminPassword

*************************************************************
*************************************************************
*************************************************************

2019-12-14 10:11:53.899+0000 [id=39]	INFO	hudson.model.UpdateSite#updateData: Obtained the latest update center data file for UpdateSource default
2019-12-14 10:11:55.109+0000 [id=26]	INFO	hudson.model.UpdateSite#updateData: Obtained the latest update center data file for UpdateSource default
2019-12-14 10:11:55.356+0000 [id=39]	INFO	h.m.DownloadService$Downloadable#load: Obtained the updated data file for hudson.tasks.Maven.MavenInstaller
2019-12-14 10:11:55.356+0000 [id=39]	INFO	hudson.util.Retrier#start: Performed the action check updates server successfully at the attempt #1
2019-12-14 10:11:55.367+0000 [id=39]	INFO	hudson.model.AsyncPeriodicWork$1#run: Finished Download metadata. 13,702 ms
2019-12-14 10:11:55.723+0000 [id=25]	INFO	jenkins.InitReactorRunner$1#onAttained: Completed initialization
2019-12-14 10:11:55.770+0000 [id=19]	INFO	hudson.WebAppMain$3#run: Jenkins is fully up and running
2019-12-14 10:14:23.725+0000 [id=13]	INFO	o.k.s.LocaleDrivenResourceProvider#getLocaleDrivenResourceProviders: Registered LocaleDrivenResourceProvider: jenkins.MetaLocaleDrivenResourceProvider@8687d07
2019-12-14 10:14:49.002+0000 [id=12]	INFO	hudson.PluginManager#install: Starting installation of a batch of 20 plugins plus their dependencies
2019-12-14 10:14:49.003+0000 [id=12]	INFO	hudson.model.UpdateSite$Plugin#deploy: Adding dependent install of trilead-api for plugin cloudbees-folder
2019-12-14 10:14:49.007+0000 [id=12]	INFO	hudson.model.UpdateSite$Plugin#deploy: Adding dependent install of command-launcher for plugin antisamy-markup-formatter
2019-12-14 10:14:49.007+0000 [id=12]	INFO	hudson.model.UpdateSite$Plugin#deploy: Adding dependent install of script-security for plugin command-launcher
2019-12-14 10:14:49.008+0000 [id=12]	INFO	hudson.model.UpdateSite$Plugin#deploy: Adding dependent install of jdk-tool for plugin script-security
2019-12-14 10:14:49.009+0000 [id=12]	INFO	hudson.model.UpdateSite$Plugin#deploy: Adding dependent install of token-macro for plugin build-timeout
2019-12-14 10:14:49.009+0000 [id=12]	INFO	hudson.model.UpdateSite$Plugin#deploy: Adding dependent install of structs for plugin token-macro
2019-12-14 10:14:49.009+0000 [id=12]	INFO	hudson.model.UpdateSite$Plugin#deploy: Adding dependent install of workflow-step-api for plugin token-macro
2019-12-14 10:14:49.009+0000 [id=12]	INFO	hudson.model.UpdateSite$Plugin#deploy: Adding dependent install of bouncycastle-api for plugin build-timeout
2019-12-14 10:14:49.011+0000 [id=72]	INFO	h.model.UpdateCenter$DownloadJob#run: Starting the installation of trilead-api on behalf of admin
2019-12-14 10:14:49.012+0000 [id=12]	INFO	hudson.model.UpdateSite$Plugin#deploy: Adding dependent install of plain-credentials for plugin credentials-binding
2019-12-14 10:14:49.012+0000 [id=12]	INFO	hudson.model.UpdateSite$Plugin#deploy: Adding dependent install of credentials for plugin plain-credentials
2019-12-14 10:14:49.013+0000 [id=12]	INFO	hudson.model.UpdateSite$Plugin#deploy: Adding dependent install of ssh-credentials for plugin credentials-binding
2019-12-14 10:14:49.013+0000 [id=12]	INFO	hudson.model.UpdateSite$Plugin#deploy: Adding dependent install of workflow-api for plugin timestamper
2019-12-14 10:14:49.013+0000 [id=12]	INFO	hudson.model.UpdateSite$Plugin#deploy: Adding dependent install of scm-api for plugin workflow-api
2019-12-14 10:14:49.013+0000 [id=12]	INFO	hudson.model.UpdateSite$Plugin#deploy: Adding dependent install of workflow-durable-task-step for plugin ws-cleanup
2019-12-14 10:14:49.014+0000 [id=12]	INFO	hudson.model.UpdateSite$Plugin#deploy: Adding dependent install of workflow-support for plugin workflow-durable-task-step
2019-12-14 10:14:49.014+0000 [id=12]	INFO	hudson.model.UpdateSite$Plugin#deploy: Adding dependent install of durable-task for plugin workflow-durable-task-step
2019-12-14 10:14:49.014+0000 [id=12]	INFO	hudson.model.UpdateSite$Plugin#deploy: Adding dependent install of matrix-project for plugin ws-cleanup
2019-12-14 10:14:49.014+0000 [id=12]	INFO	hudson.model.UpdateSite$Plugin#deploy: Adding dependent install of junit for plugin matrix-project
2019-12-14 10:14:49.014+0000 [id=12]	INFO	hudson.model.UpdateSite$Plugin#deploy: Adding dependent install of resource-disposer for plugin ws-cleanup
2019-12-14 10:14:49.022+0000 [id=12]	INFO	hudson.model.UpdateSite$Plugin#deploy: Adding dependent install of workflow-cps for plugin gradle
2019-12-14 10:14:49.024+0000 [id=12]	INFO	hudson.model.UpdateSite$Plugin#deploy: Adding dependent install of ace-editor for plugin workflow-cps
2019-12-14 10:14:49.024+0000 [id=12]	INFO	hudson.model.UpdateSite$Plugin#deploy: Adding dependent install of jquery-detached for plugin workflow-cps
2019-12-14 10:14:49.027+0000 [id=12]	INFO	hudson.model.UpdateSite$Plugin#deploy: Adding dependent install of workflow-scm-step for plugin workflow-cps
2019-12-14 10:14:49.027+0000 [id=12]	INFO	hudson.model.UpdateSite$Plugin#deploy: Adding dependent install of workflow-job for plugin gradle
2019-12-14 10:14:49.027+0000 [id=12]	INFO	hudson.model.UpdateSite$Plugin#deploy: Adding dependent install of workflow-basic-steps for plugin gradle
2019-12-14 10:14:49.028+0000 [id=12]	INFO	hudson.model.UpdateSite$Plugin#deploy: Adding dependent install of apache-httpcomponents-client-4-api for plugin workflow-basic-steps
2019-12-14 10:14:49.028+0000 [id=12]	INFO	hudson.model.UpdateSite$Plugin#deploy: Adding dependent install of mailer for plugin workflow-basic-steps
2019-12-14 10:14:49.028+0000 [id=12]	INFO	hudson.model.UpdateSite$Plugin#deploy: Adding dependent install of display-url-api for plugin mailer
2019-12-14 10:14:49.029+0000 [id=12]	INFO	hudson.model.UpdateSite$Plugin#deploy: Adding dependent install of pipeline-milestone-step for plugin workflow-aggregator
2019-12-14 10:14:49.029+0000 [id=12]	INFO	hudson.model.UpdateSite$Plugin#deploy: Adding dependent install of pipeline-stage-view for plugin workflow-aggregator
2019-12-14 10:14:49.029+0000 [id=12]	INFO	hudson.model.UpdateSite$Plugin#deploy: Adding dependent install of pipeline-rest-api for plugin pipeline-stage-view
2019-12-14 10:14:49.029+0000 [id=12]	INFO	hudson.model.UpdateSite$Plugin#deploy: Adding dependent install of jackson2-api for plugin pipeline-rest-api
2019-12-14 10:14:49.029+0000 [id=12]	INFO	hudson.model.UpdateSite$Plugin#deploy: Adding dependent install of pipeline-graph-analysis for plugin pipeline-rest-api
2019-12-14 10:14:49.030+0000 [id=12]	INFO	hudson.model.UpdateSite$Plugin#deploy: Adding dependent install of pipeline-input-step for plugin pipeline-graph-analysis
2019-12-14 10:14:49.030+0000 [id=12]	INFO	hudson.model.UpdateSite$Plugin#deploy: Adding dependent install of pipeline-stage-step for plugin pipeline-graph-analysis
2019-12-14 10:14:49.030+0000 [id=12]	INFO	hudson.model.UpdateSite$Plugin#deploy: Adding dependent install of handlebars for plugin pipeline-stage-view
2019-12-14 10:14:49.031+0000 [id=12]	INFO	hudson.model.UpdateSite$Plugin#deploy: Adding dependent install of momentjs for plugin pipeline-stage-view
2019-12-14 10:14:49.043+0000 [id=12]	INFO	hudson.model.UpdateSite$Plugin#deploy: Adding dependent install of pipeline-build-step for plugin workflow-aggregator
2019-12-14 10:14:49.043+0000 [id=12]	INFO	hudson.model.UpdateSite$Plugin#deploy: Adding dependent install of pipeline-model-definition for plugin workflow-aggregator
2019-12-14 10:14:49.044+0000 [id=12]	INFO	hudson.model.UpdateSite$Plugin#deploy: Adding dependent install of pipeline-model-extensions for plugin pipeline-model-definition
2019-12-14 10:14:49.044+0000 [id=12]	INFO	hudson.model.UpdateSite$Plugin#deploy: Adding dependent install of pipeline-model-api for plugin pipeline-model-extensions
2019-12-14 10:14:49.044+0000 [id=12]	INFO	hudson.model.UpdateSite$Plugin#deploy: Adding dependent install of workflow-cps-global-lib for plugin pipeline-model-definition
2019-12-14 10:14:49.044+0000 [id=12]	INFO	hudson.model.UpdateSite$Plugin#deploy: Adding dependent install of git-server for plugin workflow-cps-global-lib
2019-12-14 10:14:49.045+0000 [id=12]	INFO	hudson.model.UpdateSite$Plugin#deploy: Adding dependent install of git-client for plugin git-server
2019-12-14 10:14:49.045+0000 [id=12]	INFO	hudson.model.UpdateSite$Plugin#deploy: Adding dependent install of jsch for plugin git-client
2019-12-14 10:14:49.045+0000 [id=12]	INFO	hudson.model.UpdateSite$Plugin#deploy: Adding dependent install of workflow-multibranch for plugin pipeline-model-definition
2019-12-14 10:14:49.045+0000 [id=12]	INFO	hudson.model.UpdateSite$Plugin#deploy: Adding dependent install of branch-api for plugin workflow-multibranch
2019-12-14 10:14:49.046+0000 [id=12]	INFO	hudson.model.UpdateSite$Plugin#deploy: Adding dependent install of docker-workflow for plugin pipeline-model-definition
2019-12-14 10:14:49.046+0000 [id=12]	INFO	hudson.model.UpdateSite$Plugin#deploy: Adding dependent install of docker-commons for plugin docker-workflow
2019-12-14 10:14:49.046+0000 [id=12]	INFO	hudson.model.UpdateSite$Plugin#deploy: Adding dependent install of authentication-tokens for plugin docker-commons
2019-12-14 10:14:49.046+0000 [id=12]	INFO	hudson.model.UpdateSite$Plugin#deploy: Adding dependent install of pipeline-stage-tags-metadata for plugin pipeline-model-definition
2019-12-14 10:14:49.047+0000 [id=12]	INFO	hudson.model.UpdateSite$Plugin#deploy: Adding dependent install of pipeline-model-declarative-agent for plugin pipeline-model-definition
2019-12-14 10:14:49.052+0000 [id=12]	INFO	hudson.model.UpdateSite$Plugin#deploy: Adding dependent install of lockable-resources for plugin workflow-aggregator
2019-12-14 10:14:49.052+0000 [id=12]	INFO	hudson.model.UpdateSite$Plugin#deploy: Adding dependent install of github-api for plugin github-branch-source
2019-12-14 10:14:49.053+0000 [id=12]	INFO	hudson.model.UpdateSite$Plugin#deploy: Adding dependent install of github for plugin github-branch-source
2019-12-14 10:14:49.053+0000 [id=12]	INFO	hudson.model.UpdateSite$Plugin#deploy: Adding dependent install of git for plugin github
2019-12-14 10:14:49.054+0000 [id=12]	INFO	hudson.model.UpdateSite$Plugin#deploy: Adding dependent install of mapdb-api for plugin subversion
2019-12-14 10:14:49.195+0000 [id=72]	INFO	h.m.UpdateCenter$UpdateCenterConfiguration#download: Downloading trilead-api
2019-12-14 10:14:49.543+0000 [id=72]	INFO	h.model.UpdateCenter$DownloadJob#run: Installation successful: trilead-api
2019-12-14 10:14:49.544+0000 [id=72]	INFO	h.model.UpdateCenter$DownloadJob#run: Starting the installation of cloudbees-folder on behalf of admin
2019-12-14 10:14:49.679+0000 [id=72]	INFO	h.m.UpdateCenter$UpdateCenterConfiguration#download: Downloading cloudbees-folder
2019-12-14 10:14:49.764+0000 [id=72]	INFO	h.model.UpdateCenter$DownloadJob#run: Installation successful: cloudbees-folder
2019-12-14 10:14:49.764+0000 [id=72]	INFO	h.model.UpdateCenter$DownloadJob#run: Starting the installation of jdk-tool on behalf of admin
2019-12-14 10:14:50.155+0000 [id=72]	INFO	h.m.UpdateCenter$UpdateCenterConfiguration#download: Downloading jdk-tool
2019-12-14 10:14:50.273+0000 [id=72]	INFO	h.model.UpdateCenter$DownloadJob#run: Installation successful: jdk-tool
2019-12-14 10:14:50.273+0000 [id=72]	INFO	h.model.UpdateCenter$DownloadJob#run: Starting the installation of script-security on behalf of admin
2019-12-14 10:14:50.431+0000 [id=72]	INFO	h.m.UpdateCenter$UpdateCenterConfiguration#download: Downloading script-security
2019-12-14 10:14:50.763+0000 [id=72]	INFO	h.model.UpdateCenter$DownloadJob#run: Installation successful: script-security
2019-12-14 10:14:50.763+0000 [id=72]	INFO	h.model.UpdateCenter$DownloadJob#run: Starting the installation of command-launcher on behalf of admin
2019-12-14 10:14:50.890+0000 [id=72]	INFO	h.m.UpdateCenter$UpdateCenterConfiguration#download: Downloading command-launcher
2019-12-14 10:14:50.907+0000 [id=72]	INFO	h.model.UpdateCenter$DownloadJob#run: Installation successful: command-launcher
2019-12-14 10:14:50.907+0000 [id=72]	INFO	h.model.UpdateCenter$DownloadJob#run: Starting the installation of antisamy-markup-formatter on behalf of admin
2019-12-14 10:14:51.040+0000 [id=72]	INFO	h.m.UpdateCenter$UpdateCenterConfiguration#download: Downloading antisamy-markup-formatter
2019-12-14 10:14:51.110+0000 [id=72]	INFO	h.model.UpdateCenter$DownloadJob#run: Installation successful: antisamy-markup-formatter
2019-12-14 10:14:51.111+0000 [id=72]	INFO	h.model.UpdateCenter$DownloadJob#run: Starting the installation of structs on behalf of admin
2019-12-14 10:14:51.275+0000 [id=72]	INFO	h.m.UpdateCenter$UpdateCenterConfiguration#download: Downloading structs
2019-12-14 10:14:51.288+0000 [id=72]	INFO	h.model.UpdateCenter$DownloadJob#run: Installation successful: structs
2019-12-14 10:14:51.288+0000 [id=72]	INFO	h.model.UpdateCenter$DownloadJob#run: Starting the installation of workflow-step-api on behalf of admin
2019-12-14 10:14:51.403+0000 [id=72]	INFO	h.m.UpdateCenter$UpdateCenterConfiguration#download: Downloading workflow-step-api
2019-12-14 10:14:51.436+0000 [id=72]	INFO	h.model.UpdateCenter$DownloadJob#run: Installation successful: workflow-step-api
2019-12-14 10:14:51.437+0000 [id=72]	INFO	h.model.UpdateCenter$DownloadJob#run: Starting the installation of token-macro on behalf of admin
2019-12-14 10:14:51.570+0000 [id=72]	INFO	h.m.UpdateCenter$UpdateCenterConfiguration#download: Downloading token-macro
2019-12-14 10:14:51.798+0000 [id=72]	INFO	h.model.UpdateCenter$DownloadJob#run: Installation successful: token-macro
2019-12-14 10:14:51.798+0000 [id=72]	INFO	h.model.UpdateCenter$DownloadJob#run: Starting the installation of bouncycastle-api on behalf of admin
2019-12-14 10:14:51.959+0000 [id=72]	INFO	h.m.UpdateCenter$UpdateCenterConfiguration#download: Downloading bouncycastle-api
2019-12-14 10:14:53.557+0000 [id=72]	INFO	h.model.UpdateCenter$DownloadJob#run: Installation successful: bouncycastle-api
2019-12-14 10:14:53.557+0000 [id=72]	INFO	h.model.UpdateCenter$DownloadJob#run: Starting the installation of build-timeout on behalf of admin
2019-12-14 10:14:53.689+0000 [id=72]	INFO	h.m.UpdateCenter$UpdateCenterConfiguration#download: Downloading build-timeout
2019-12-14 10:14:53.758+0000 [id=72]	INFO	h.model.UpdateCenter$DownloadJob#run: Installation successful: build-timeout
2019-12-14 10:14:53.758+0000 [id=72]	INFO	h.model.UpdateCenter$DownloadJob#run: Starting the installation of credentials on behalf of admin
2019-12-14 10:14:53.918+0000 [id=72]	INFO	h.m.UpdateCenter$UpdateCenterConfiguration#download: Downloading credentials
2019-12-14 10:14:54.263+0000 [id=72]	INFO	h.model.UpdateCenter$DownloadJob#run: Installation successful: credentials
2019-12-14 10:14:54.263+0000 [id=72]	INFO	h.model.UpdateCenter$DownloadJob#run: Starting the installation of plain-credentials on behalf of admin
2019-12-14 10:14:54.399+0000 [id=72]	INFO	h.m.UpdateCenter$UpdateCenterConfiguration#download: Downloading plain-credentials
2019-12-14 10:14:54.408+0000 [id=72]	INFO	h.model.UpdateCenter$DownloadJob#run: Installation successful: plain-credentials
2019-12-14 10:14:54.408+0000 [id=72]	INFO	h.model.UpdateCenter$DownloadJob#run: Starting the installation of ssh-credentials on behalf of admin
2019-12-14 10:14:54.523+0000 [id=72]	INFO	h.m.UpdateCenter$UpdateCenterConfiguration#download: Downloading ssh-credentials
2019-12-14 10:14:54.558+0000 [id=72]	INFO	h.model.UpdateCenter$DownloadJob#run: Installation successful: ssh-credentials
2019-12-14 10:14:54.558+0000 [id=72]	INFO	h.model.UpdateCenter$DownloadJob#run: Starting the installation of credentials-binding on behalf of admin
2019-12-14 10:14:54.721+0000 [id=72]	INFO	h.m.UpdateCenter$UpdateCenterConfiguration#download: Downloading credentials-binding
2019-12-14 10:14:54.732+0000 [id=72]	INFO	h.model.UpdateCenter$DownloadJob#run: Installation successful: credentials-binding
2019-12-14 10:14:54.732+0000 [id=72]	INFO	h.model.UpdateCenter$DownloadJob#run: Starting the installation of scm-api on behalf of admin
2019-12-14 10:14:54.846+0000 [id=72]	INFO	h.m.UpdateCenter$UpdateCenterConfiguration#download: Downloading scm-api
2019-12-14 10:14:54.882+0000 [id=72]	INFO	h.model.UpdateCenter$DownloadJob#run: Installation successful: scm-api
2019-12-14 10:14:54.882+0000 [id=72]	INFO	h.model.UpdateCenter$DownloadJob#run: Starting the installation of workflow-api on behalf of admin
2019-12-14 10:14:55.000+0000 [id=72]	INFO	h.m.UpdateCenter$UpdateCenterConfiguration#download: Downloading workflow-api
2019-12-14 10:14:55.016+0000 [id=72]	INFO	h.model.UpdateCenter$DownloadJob#run: Installation successful: workflow-api
2019-12-14 10:14:55.017+0000 [id=72]	INFO	h.model.UpdateCenter$DownloadJob#run: Starting the installation of timestamper on behalf of admin
2019-12-14 10:14:55.175+0000 [id=72]	INFO	h.m.UpdateCenter$UpdateCenterConfiguration#download: Downloading timestamper
2019-12-14 10:14:55.236+0000 [id=72]	INFO	h.model.UpdateCenter$DownloadJob#run: Installation successful: timestamper
2019-12-14 10:14:55.236+0000 [id=72]	INFO	h.model.UpdateCenter$DownloadJob#run: Starting the installation of workflow-support on behalf of admin
2019-12-14 10:14:55.367+0000 [id=72]	INFO	h.m.UpdateCenter$UpdateCenterConfiguration#download: Downloading workflow-support
2019-12-14 10:14:55.498+0000 [id=72]	INFO	h.model.UpdateCenter$DownloadJob#run: Installation successful: workflow-support
2019-12-14 10:14:55.498+0000 [id=72]	INFO	h.model.UpdateCenter$DownloadJob#run: Starting the installation of durable-task on behalf of admin
2019-12-14 10:14:55.614+0000 [id=72]	INFO	h.m.UpdateCenter$UpdateCenterConfiguration#download: Downloading durable-task
2019-12-14 10:14:56.047+0000 [id=72]	INFO	h.model.UpdateCenter$DownloadJob#run: Installation successful: durable-task
2019-12-14 10:14:56.047+0000 [id=72]	INFO	h.model.UpdateCenter$DownloadJob#run: Starting the installation of workflow-durable-task-step on behalf of admin
2019-12-14 10:14:56.181+0000 [id=72]	INFO	h.m.UpdateCenter$UpdateCenterConfiguration#download: Downloading workflow-durable-task-step
2019-12-14 10:14:56.242+0000 [id=72]	INFO	h.model.UpdateCenter$DownloadJob#run: Installation successful: workflow-durable-task-step
2019-12-14 10:14:56.243+0000 [id=72]	INFO	h.model.UpdateCenter$DownloadJob#run: Starting the installation of junit on behalf of admin
2019-12-14 10:14:56.401+0000 [id=72]	INFO	h.m.UpdateCenter$UpdateCenterConfiguration#download: Downloading junit
2019-12-14 10:14:56.631+0000 [id=72]	INFO	h.model.UpdateCenter$DownloadJob#run: Installation successful: junit
2019-12-14 10:14:56.631+0000 [id=72]	INFO	h.model.UpdateCenter$DownloadJob#run: Starting the installation of matrix-project on behalf of admin
2019-12-14 10:14:56.763+0000 [id=72]	INFO	h.m.UpdateCenter$UpdateCenterConfiguration#download: Downloading matrix-project
2019-12-14 10:14:56.886+0000 [id=72]	INFO	h.model.UpdateCenter$DownloadJob#run: Installation successful: matrix-project
2019-12-14 10:14:56.886+0000 [id=72]	INFO	h.model.UpdateCenter$DownloadJob#run: Starting the installation of resource-disposer on behalf of admin
2019-12-14 10:14:57.025+0000 [id=72]	INFO	h.m.UpdateCenter$UpdateCenterConfiguration#download: Downloading resource-disposer
2019-12-14 10:14:57.031+0000 [id=72]	INFO	h.model.UpdateCenter$DownloadJob#run: Installation successful: resource-disposer
2019-12-14 10:14:57.032+0000 [id=72]	INFO	h.model.UpdateCenter$DownloadJob#run: Starting the installation of ws-cleanup on behalf of admin
2019-12-14 10:14:57.191+0000 [id=72]	INFO	h.m.UpdateCenter$UpdateCenterConfiguration#download: Downloading ws-cleanup
2019-12-14 10:14:57.316+0000 [id=72]	INFO	h.model.UpdateCenter$DownloadJob#run: Installation successful: ws-cleanup
2019-12-14 10:14:57.316+0000 [id=72]	INFO	h.model.UpdateCenter$DownloadJob#run: Starting the installation of ant on behalf of admin
2019-12-14 10:14:57.475+0000 [id=72]	INFO	h.m.UpdateCenter$UpdateCenterConfiguration#download: Downloading ant
2019-12-14 10:14:57.493+0000 [id=72]	INFO	h.model.UpdateCenter$DownloadJob#run: Installation successful: ant
2019-12-14 10:14:57.493+0000 [id=72]	INFO	h.model.UpdateCenter$DownloadJob#run: Starting the installation of ace-editor on behalf of admin
2019-12-14 10:14:57.624+0000 [id=72]	INFO	h.m.UpdateCenter$UpdateCenterConfiguration#download: Downloading ace-editor
2019-12-14 10:14:58.987+0000 [id=72]	INFO	h.model.UpdateCenter$DownloadJob#run: Installation successful: ace-editor
2019-12-14 10:14:58.987+0000 [id=72]	INFO	h.model.UpdateCenter$DownloadJob#run: Starting the installation of jquery-detached on behalf of admin
2019-12-14 10:14:59.101+0000 [id=72]	INFO	h.m.UpdateCenter$UpdateCenterConfiguration#download: Downloading jquery-detached
2019-12-14 10:14:59.162+0000 [id=72]	INFO	h.model.UpdateCenter$DownloadJob#run: Installation successful: jquery-detached
2019-12-14 10:14:59.162+0000 [id=72]	INFO	h.model.UpdateCenter$DownloadJob#run: Starting the installation of workflow-scm-step on behalf of admin
2019-12-14 10:14:59.276+0000 [id=72]	INFO	h.m.UpdateCenter$UpdateCenterConfiguration#download: Downloading workflow-scm-step
2019-12-14 10:14:59.288+0000 [id=72]	INFO	h.model.UpdateCenter$DownloadJob#run: Installation successful: workflow-scm-step
2019-12-14 10:14:59.289+0000 [id=72]	INFO	h.model.UpdateCenter$DownloadJob#run: Starting the installation of workflow-cps on behalf of admin
2019-12-14 10:14:59.448+0000 [id=72]	INFO	h.m.UpdateCenter$UpdateCenterConfiguration#download: Downloading workflow-cps
2019-12-14 10:14:59.738+0000 [id=72]	INFO	h.model.UpdateCenter$DownloadJob#run: Installation successful: workflow-cps
2019-12-14 10:14:59.738+0000 [id=72]	INFO	h.model.UpdateCenter$DownloadJob#run: Starting the installation of workflow-job on behalf of admin
2019-12-14 10:14:59.872+0000 [id=72]	INFO	h.m.UpdateCenter$UpdateCenterConfiguration#download: Downloading workflow-job
2019-12-14 10:14:59.955+0000 [id=72]	INFO	h.model.UpdateCenter$DownloadJob#run: Installation successful: workflow-job
2019-12-14 10:14:59.956+0000 [id=72]	INFO	h.model.UpdateCenter$DownloadJob#run: Starting the installation of apache-httpcomponents-client-4-api on behalf of admin
2019-12-14 10:15:00.116+0000 [id=72]	INFO	h.m.UpdateCenter$UpdateCenterConfiguration#download: Downloading apache-httpcomponents-client-4-api
2019-12-14 10:15:00.444+0000 [id=72]	INFO	h.model.UpdateCenter$DownloadJob#run: Installation successful: apache-httpcomponents-client-4-api
2019-12-14 10:15:00.444+0000 [id=72]	INFO	h.model.UpdateCenter$DownloadJob#run: Starting the installation of display-url-api on behalf of admin
2019-12-14 10:15:00.559+0000 [id=72]	INFO	h.m.UpdateCenter$UpdateCenterConfiguration#download: Downloading display-url-api
2019-12-14 10:15:00.572+0000 [id=72]	INFO	h.model.UpdateCenter$DownloadJob#run: Installation successful: display-url-api
2019-12-14 10:15:00.572+0000 [id=72]	INFO	h.model.UpdateCenter$DownloadJob#run: Starting the installation of mailer on behalf of admin
2019-12-14 10:15:00.703+0000 [id=72]	INFO	h.m.UpdateCenter$UpdateCenterConfiguration#download: Downloading mailer
2019-12-14 10:15:00.788+0000 [id=72]	INFO	h.model.UpdateCenter$DownloadJob#run: Installation successful: mailer
2019-12-14 10:15:00.789+0000 [id=72]	INFO	h.model.UpdateCenter$DownloadJob#run: Starting the installation of workflow-basic-steps on behalf of admin
2019-12-14 10:15:00.921+0000 [id=72]	INFO	h.m.UpdateCenter$UpdateCenterConfiguration#download: Downloading workflow-basic-steps
2019-12-14 10:15:00.962+0000 [id=72]	INFO	h.model.UpdateCenter$DownloadJob#run: Installation successful: workflow-basic-steps
2019-12-14 10:15:00.962+0000 [id=72]	INFO	h.model.UpdateCenter$DownloadJob#run: Starting the installation of gradle on behalf of admin
2019-12-14 10:15:01.081+0000 [id=72]	INFO	h.m.UpdateCenter$UpdateCenterConfiguration#download: Downloading gradle
2019-12-14 10:15:01.374+0000 [id=72]	WARNING	hudson.ClassicPluginStrategy#createClassJarFromWebInfClasses: Created /root/.jenkins/plugins/gradle/WEB-INF/lib/classes.jar; update plugin to a version created with a newer harness
2019-12-14 10:15:01.380+0000 [id=72]	INFO	h.model.UpdateCenter$DownloadJob#run: Installation successful: gradle
2019-12-14 10:15:01.380+0000 [id=72]	INFO	h.model.UpdateCenter$DownloadJob#run: Starting the installation of pipeline-milestone-step on behalf of admin
2019-12-14 10:15:01.538+0000 [id=72]	INFO	h.m.UpdateCenter$UpdateCenterConfiguration#download: Downloading pipeline-milestone-step
2019-12-14 10:15:01.554+0000 [id=72]	INFO	h.model.UpdateCenter$DownloadJob#run: Installation successful: pipeline-milestone-step
2019-12-14 10:15:01.555+0000 [id=72]	INFO	h.model.UpdateCenter$DownloadJob#run: Starting the installation of jackson2-api on behalf of admin
2019-12-14 10:15:01.713+0000 [id=72]	INFO	h.m.UpdateCenter$UpdateCenterConfiguration#download: Downloading jackson2-api
2019-12-14 10:15:02.223+0000 [id=72]	INFO	h.model.UpdateCenter$DownloadJob#run: Installation successful: jackson2-api
2019-12-14 10:15:02.223+0000 [id=72]	INFO	h.model.UpdateCenter$DownloadJob#run: Starting the installation of pipeline-input-step on behalf of admin
2019-12-14 10:15:02.358+0000 [id=72]	INFO	h.m.UpdateCenter$UpdateCenterConfiguration#download: Downloading pipeline-input-step
2019-12-14 10:15:02.397+0000 [id=72]	INFO	h.model.UpdateCenter$DownloadJob#run: Installation successful: pipeline-input-step
2019-12-14 10:15:02.397+0000 [id=72]	INFO	h.model.UpdateCenter$DownloadJob#run: Starting the installation of pipeline-stage-step on behalf of admin
2019-12-14 10:15:02.511+0000 [id=72]	INFO	h.m.UpdateCenter$UpdateCenterConfiguration#download: Downloading pipeline-stage-step
2019-12-14 10:15:02.523+0000 [id=72]	INFO	h.model.UpdateCenter$DownloadJob#run: Installation successful: pipeline-stage-step
2019-12-14 10:15:02.523+0000 [id=72]	INFO	h.model.UpdateCenter$DownloadJob#run: Starting the installation of pipeline-graph-analysis on behalf of admin
2019-12-14 10:15:02.683+0000 [id=72]	INFO	h.m.UpdateCenter$UpdateCenterConfiguration#download: Downloading pipeline-graph-analysis
2019-12-14 10:15:02.688+0000 [id=72]	INFO	h.model.UpdateCenter$DownloadJob#run: Installation successful: pipeline-graph-analysis
2019-12-14 10:15:02.689+0000 [id=72]	INFO	h.model.UpdateCenter$DownloadJob#run: Starting the installation of pipeline-rest-api on behalf of admin
2019-12-14 10:15:02.819+0000 [id=72]	INFO	h.m.UpdateCenter$UpdateCenterConfiguration#download: Downloading pipeline-rest-api
2019-12-14 10:15:02.884+0000 [id=72]	INFO	h.model.UpdateCenter$DownloadJob#run: Installation successful: pipeline-rest-api
2019-12-14 10:15:02.884+0000 [id=72]	INFO	h.model.UpdateCenter$DownloadJob#run: Starting the installation of handlebars on behalf of admin
2019-12-14 10:15:03.044+0000 [id=72]	INFO	h.m.UpdateCenter$UpdateCenterConfiguration#download: Downloading handlebars
2019-12-14 10:15:03.105+0000 [id=72]	INFO	h.model.UpdateCenter$DownloadJob#run: Installation successful: handlebars
2019-12-14 10:15:03.105+0000 [id=72]	INFO	h.model.UpdateCenter$DownloadJob#run: Starting the installation of momentjs on behalf of admin
2019-12-14 10:15:03.267+0000 [id=72]	INFO	h.m.UpdateCenter$UpdateCenterConfiguration#download: Downloading momentjs
2019-12-14 10:15:03.281+0000 [id=72]	INFO	h.model.UpdateCenter$DownloadJob#run: Installation successful: momentjs
2019-12-14 10:15:03.281+0000 [id=72]	INFO	h.model.UpdateCenter$DownloadJob#run: Starting the installation of pipeline-stage-view on behalf of admin
2019-12-14 10:15:03.395+0000 [id=72]	INFO	h.m.UpdateCenter$UpdateCenterConfiguration#download: Downloading pipeline-stage-view
2019-12-14 10:15:03.438+0000 [id=72]	INFO	h.model.UpdateCenter$DownloadJob#run: Installation successful: pipeline-stage-view
2019-12-14 10:15:03.438+0000 [id=72]	INFO	h.model.UpdateCenter$DownloadJob#run: Starting the installation of pipeline-build-step on behalf of admin
2019-12-14 10:15:03.570+0000 [id=72]	INFO	h.m.UpdateCenter$UpdateCenterConfiguration#download: Downloading pipeline-build-step
2019-12-14 10:15:03.600+0000 [id=72]	INFO	h.model.UpdateCenter$DownloadJob#run: Installation successful: pipeline-build-step
2019-12-14 10:15:03.600+0000 [id=72]	INFO	h.model.UpdateCenter$DownloadJob#run: Starting the installation of pipeline-model-api on behalf of admin
2019-12-14 10:15:03.758+0000 [id=72]	INFO	h.m.UpdateCenter$UpdateCenterConfiguration#download: Downloading pipeline-model-api
2019-12-14 10:15:05.330+0000 [id=72]	INFO	h.model.UpdateCenter$DownloadJob#run: Installation successful: pipeline-model-api
2019-12-14 10:15:05.330+0000 [id=72]	INFO	h.model.UpdateCenter$DownloadJob#run: Starting the installation of pipeline-model-extensions on behalf of admin
2019-12-14 10:15:05.453+0000 [id=72]	INFO	h.m.UpdateCenter$UpdateCenterConfiguration#download: Downloading pipeline-model-extensions
2019-12-14 10:15:05.466+0000 [id=72]	INFO	h.model.UpdateCenter$DownloadJob#run: Installation successful: pipeline-model-extensions
2019-12-14 10:15:05.466+0000 [id=72]	INFO	h.model.UpdateCenter$DownloadJob#run: Starting the installation of jsch on behalf of admin
2019-12-14 10:15:05.582+0000 [id=72]	INFO	h.m.UpdateCenter$UpdateCenterConfiguration#download: Downloading jsch
2019-12-14 10:15:05.627+0000 [id=72]	INFO	h.model.UpdateCenter$DownloadJob#run: Installation successful: jsch
2019-12-14 10:15:05.627+0000 [id=72]	INFO	h.model.UpdateCenter$DownloadJob#run: Starting the installation of git-client on behalf of admin
2019-12-14 10:15:05.759+0000 [id=72]	INFO	h.m.UpdateCenter$UpdateCenterConfiguration#download: Downloading git-client
2019-12-14 10:15:07.425+0000 [id=72]	INFO	h.model.UpdateCenter$DownloadJob#run: Installation successful: git-client
2019-12-14 10:15:07.425+0000 [id=72]	INFO	h.model.UpdateCenter$DownloadJob#run: Starting the installation of git-server on behalf of admin
2019-12-14 10:15:07.557+0000 [id=72]	INFO	h.m.UpdateCenter$UpdateCenterConfiguration#download: Downloading git-server
2019-12-14 10:15:07.565+0000 [id=72]	INFO	h.model.UpdateCenter$DownloadJob#run: Installation successful: git-server
2019-12-14 10:15:07.565+0000 [id=72]	INFO	h.model.UpdateCenter$DownloadJob#run: Starting the installation of workflow-cps-global-lib on behalf of admin
2019-12-14 10:15:07.726+0000 [id=72]	INFO	h.m.UpdateCenter$UpdateCenterConfiguration#download: Downloading workflow-cps-global-lib
2019-12-14 10:15:09.731+0000 [id=72]	INFO	h.model.UpdateCenter$DownloadJob#run: Installation successful: workflow-cps-global-lib
2019-12-14 10:15:09.733+0000 [id=72]	INFO	h.model.UpdateCenter$DownloadJob#run: Starting the installation of branch-api on behalf of admin
2019-12-14 10:15:09.848+0000 [id=72]	INFO	h.m.UpdateCenter$UpdateCenterConfiguration#download: Downloading branch-api
2019-12-14 10:15:09.909+0000 [id=72]	INFO	h.model.UpdateCenter$DownloadJob#run: Installation successful: branch-api
2019-12-14 10:15:09.911+0000 [id=72]	INFO	h.model.UpdateCenter$DownloadJob#run: Starting the installation of workflow-multibranch on behalf of admin
2019-12-14 10:15:10.043+0000 [id=72]	INFO	h.m.UpdateCenter$UpdateCenterConfiguration#download: Downloading workflow-multibranch
2019-12-14 10:15:10.106+0000 [id=72]	INFO	h.model.UpdateCenter$DownloadJob#run: Installation successful: workflow-multibranch
2019-12-14 10:15:10.108+0000 [id=72]	INFO	h.model.UpdateCenter$DownloadJob#run: Starting the installation of authentication-tokens on behalf of admin
2019-12-14 10:15:10.222+0000 [id=72]	INFO	h.m.UpdateCenter$UpdateCenterConfiguration#download: Downloading authentication-tokens
2019-12-14 10:15:10.227+0000 [id=72]	INFO	h.model.UpdateCenter$DownloadJob#run: Installation successful: authentication-tokens
2019-12-14 10:15:10.227+0000 [id=72]	INFO	h.model.UpdateCenter$DownloadJob#run: Starting the installation of docker-commons on behalf of admin
2019-12-14 10:15:10.385+0000 [id=72]	INFO	h.m.UpdateCenter$UpdateCenterConfiguration#download: Downloading docker-commons
2019-12-14 10:15:10.505+0000 [id=72]	INFO	h.model.UpdateCenter$DownloadJob#run: Installation successful: docker-commons
2019-12-14 10:15:10.506+0000 [id=72]	INFO	h.model.UpdateCenter$DownloadJob#run: Starting the installation of docker-workflow on behalf of admin
2019-12-14 10:15:10.621+0000 [id=72]	INFO	h.m.UpdateCenter$UpdateCenterConfiguration#download: Downloading docker-workflow
2019-12-14 10:15:10.645+0000 [id=72]	INFO	h.model.UpdateCenter$DownloadJob#run: Installation successful: docker-workflow
2019-12-14 10:15:10.645+0000 [id=72]	INFO	h.model.UpdateCenter$DownloadJob#run: Starting the installation of pipeline-stage-tags-metadata on behalf of admin
2019-12-14 10:15:10.759+0000 [id=72]	INFO	h.m.UpdateCenter$UpdateCenterConfiguration#download: Downloading pipeline-stage-tags-metadata
2019-12-14 10:15:10.768+0000 [id=72]	INFO	h.model.UpdateCenter$DownloadJob#run: Installation successful: pipeline-stage-tags-metadata
2019-12-14 10:15:10.768+0000 [id=72]	INFO	h.model.UpdateCenter$DownloadJob#run: Starting the installation of pipeline-model-declarative-agent on behalf of admin
2019-12-14 10:15:10.926+0000 [id=72]	INFO	h.m.UpdateCenter$UpdateCenterConfiguration#download: Downloading pipeline-model-declarative-agent
2019-12-14 10:15:10.931+0000 [id=72]	INFO	h.model.UpdateCenter$DownloadJob#run: Installation successful: pipeline-model-declarative-agent
2019-12-14 10:15:10.931+0000 [id=72]	INFO	h.model.UpdateCenter$DownloadJob#run: Starting the installation of pipeline-model-definition on behalf of admin
2019-12-14 10:15:11.047+0000 [id=72]	INFO	h.m.UpdateCenter$UpdateCenterConfiguration#download: Downloading pipeline-model-definition
2019-12-14 10:15:11.210+0000 [id=72]	INFO	h.model.UpdateCenter$DownloadJob#run: Installation successful: pipeline-model-definition
2019-12-14 10:15:11.210+0000 [id=72]	INFO	h.model.UpdateCenter$DownloadJob#run: Starting the installation of lockable-resources on behalf of admin
2019-12-14 10:15:11.344+0000 [id=72]	INFO	h.m.UpdateCenter$UpdateCenterConfiguration#download: Downloading lockable-resources
2019-12-14 10:15:11.404+0000 [id=72]	INFO	h.model.UpdateCenter$DownloadJob#run: Installation successful: lockable-resources
2019-12-14 10:15:11.404+0000 [id=72]	INFO	h.model.UpdateCenter$DownloadJob#run: Starting the installation of workflow-aggregator on behalf of admin
2019-12-14 10:15:11.537+0000 [id=72]	INFO	h.m.UpdateCenter$UpdateCenterConfiguration#download: Downloading workflow-aggregator
2019-12-14 10:15:11.550+0000 [id=72]	INFO	h.model.UpdateCenter$DownloadJob#run: Installation successful: workflow-aggregator
2019-12-14 10:15:11.550+0000 [id=72]	INFO	h.model.UpdateCenter$DownloadJob#run: Starting the installation of github-api on behalf of admin
2019-12-14 10:15:11.685+0000 [id=72]	INFO	h.m.UpdateCenter$UpdateCenterConfiguration#download: Downloading github-api
2019-12-14 10:15:11.948+0000 [id=72]	INFO	h.model.UpdateCenter$DownloadJob#run: Installation successful: github-api
2019-12-14 10:15:11.948+0000 [id=72]	INFO	h.model.UpdateCenter$DownloadJob#run: Starting the installation of git on behalf of admin
2019-12-14 10:15:12.063+0000 [id=72]	INFO	h.m.UpdateCenter$UpdateCenterConfiguration#download: Downloading git
2019-12-14 10:15:12.167+0000 [id=72]	INFO	h.model.UpdateCenter$DownloadJob#run: Installation successful: git
2019-12-14 10:15:12.167+0000 [id=72]	INFO	h.model.UpdateCenter$DownloadJob#run: Starting the installation of github on behalf of admin
2019-12-14 10:15:12.325+0000 [id=72]	INFO	h.m.UpdateCenter$UpdateCenterConfiguration#download: Downloading github
2019-12-14 10:15:13.485+0000 [id=72]	INFO	h.model.UpdateCenter$DownloadJob#run: Installation successful: github
2019-12-14 10:15:13.485+0000 [id=72]	INFO	h.model.UpdateCenter$DownloadJob#run: Starting the installation of github-branch-source on behalf of admin
2019-12-14 10:15:13.601+0000 [id=72]	INFO	h.m.UpdateCenter$UpdateCenterConfiguration#download: Downloading github-branch-source
2019-12-14 10:15:13.643+0000 [id=72]	INFO	h.model.UpdateCenter$DownloadJob#run: Installation successful: github-branch-source
2019-12-14 10:15:13.643+0000 [id=72]	INFO	h.model.UpdateCenter$DownloadJob#run: Starting the installation of pipeline-github-lib on behalf of admin
2019-12-14 10:15:13.774+0000 [id=72]	INFO	h.m.UpdateCenter$UpdateCenterConfiguration#download: Downloading pipeline-github-lib
2019-12-14 10:15:13.780+0000 [id=72]	INFO	h.model.UpdateCenter$DownloadJob#run: Installation successful: pipeline-github-lib
2019-12-14 10:15:13.780+0000 [id=72]	INFO	h.model.UpdateCenter$DownloadJob#run: Starting the installation of pipeline-stage-view on behalf of admin
2019-12-14 10:15:13.781+0000 [id=72]	INFO	h.m.UpdateCenter$InstallationJob#_run: Skipping duplicate install of: Pipeline: Stage View@2.12
2019-12-14 10:15:13.781+0000 [id=72]	INFO	h.model.UpdateCenter$DownloadJob#run: Installation successful: pipeline-stage-view
2019-12-14 10:15:13.781+0000 [id=72]	INFO	h.model.UpdateCenter$DownloadJob#run: Starting the installation of git on behalf of admin
2019-12-14 10:15:13.781+0000 [id=72]	INFO	h.m.UpdateCenter$InstallationJob#_run: Skipping duplicate install of: Git@4.0.0
2019-12-14 10:15:13.781+0000 [id=72]	INFO	h.model.UpdateCenter$DownloadJob#run: Installation successful: git
2019-12-14 10:15:13.781+0000 [id=72]	INFO	h.model.UpdateCenter$DownloadJob#run: Starting the installation of mapdb-api on behalf of admin
2019-12-14 10:15:13.920+0000 [id=72]	INFO	h.m.UpdateCenter$UpdateCenterConfiguration#download: Downloading mapdb-api
2019-12-14 10:15:14.041+0000 [id=72]	INFO	h.model.UpdateCenter$DownloadJob#run: Installation successful: mapdb-api
2019-12-14 10:15:14.041+0000 [id=72]	INFO	h.model.UpdateCenter$DownloadJob#run: Starting the installation of subversion on behalf of admin
2019-12-14 10:15:14.174+0000 [id=72]	INFO	h.m.UpdateCenter$UpdateCenterConfiguration#download: Downloading subversion
2019-12-14 10:15:15.711+0000 [id=72]	INFO	h.model.UpdateCenter$DownloadJob#run: Installation successful: subversion
2019-12-14 10:15:15.711+0000 [id=72]	INFO	h.model.UpdateCenter$DownloadJob#run: Starting the installation of ssh-slaves on behalf of admin
2019-12-14 10:15:15.845+0000 [id=72]	INFO	h.m.UpdateCenter$UpdateCenterConfiguration#download: Downloading ssh-slaves
2019-12-14 10:15:15.913+0000 [id=72]	INFO	h.model.UpdateCenter$DownloadJob#run: Installation successful: ssh-slaves
2019-12-14 10:15:15.915+0000 [id=72]	INFO	h.model.UpdateCenter$DownloadJob#run: Starting the installation of matrix-auth on behalf of admin
2019-12-14 10:15:16.073+0000 [id=72]	INFO	h.m.UpdateCenter$UpdateCenterConfiguration#download: Downloading matrix-auth
2019-12-14 10:15:16.246+0000 [id=72]	INFO	h.model.UpdateCenter$DownloadJob#run: Installation successful: matrix-auth
2019-12-14 10:15:16.247+0000 [id=72]	INFO	h.model.UpdateCenter$DownloadJob#run: Starting the installation of pam-auth on behalf of admin
2019-12-14 10:15:16.409+0000 [id=72]	INFO	h.m.UpdateCenter$UpdateCenterConfiguration#download: Downloading pam-auth
2019-12-14 10:15:17.171+0000 [id=72]	INFO	h.model.UpdateCenter$DownloadJob#run: Installation successful: pam-auth
2019-12-14 10:15:17.172+0000 [id=72]	INFO	h.model.UpdateCenter$DownloadJob#run: Starting the installation of ldap on behalf of admin
2019-12-14 10:15:17.331+0000 [id=72]	INFO	h.m.UpdateCenter$UpdateCenterConfiguration#download: Downloading ldap
2019-12-14 10:15:17.392+0000 [id=72]	INFO	h.model.UpdateCenter$DownloadJob#run: Installation successful: ldap
2019-12-14 10:15:17.392+0000 [id=72]	INFO	h.model.UpdateCenter$DownloadJob#run: Starting the installation of email-ext on behalf of admin
2019-12-14 10:15:17.507+0000 [id=72]	INFO	h.m.UpdateCenter$UpdateCenterConfiguration#download: Downloading email-ext
2019-12-14 10:15:17.619+0000 [id=72]	INFO	h.model.UpdateCenter$DownloadJob#run: Installation successful: email-ext
2019-12-14 10:15:17.620+0000 [id=72]	INFO	h.model.UpdateCenter$DownloadJob#run: Starting the installation of mailer on behalf of admin
2019-12-14 10:15:17.620+0000 [id=72]	INFO	h.m.UpdateCenter$InstallationJob#_run: Skipping duplicate install of: Mailer@1.29
2019-12-14 10:15:17.620+0000 [id=72]	INFO	h.model.UpdateCenter$DownloadJob#run: Installation successful: mailer
2019-12-14 10:15:17.620+0000 [id=72]	INFO	h.m.UpdateCenter$CompleteBatchJob#run: Completing installing of plugin batch…
2019-12-14 10:15:23.644+0000 [id=72]	INFO	h.ExtensionFinder$GuiceFinder$FaultTolerantScope$1#error: Failed to instantiate optional component hudson.plugins.build_timeout.operations.AbortAndRestartOperation$DescriptorImpl; skipping
2019-12-14 10:15:23.952+0000 [id=72]	INFO	h.m.DownloadService$Downloadable#load: Obtained the updated data file for hudson.tasks.Ant.AntInstaller
2019-12-14 10:15:24.525+0000 [id=72]	INFO	h.m.DownloadService$Downloadable#load: Obtained the updated data file for hudson.plugins.gradle.GradleInstaller
2019-12-14 10:15:26.360+0000 [id=72]	INFO	h.m.DownloadService$Downloadable#load: Obtained the updated data file for hudson.tools.JDKInstaller
2019-12-14 10:15:26.361+0000 [id=72]	INFO	h.ExtensionFinder$GuiceFinder$FaultTolerantScope$1#error: Failed to instantiate optional component hudson.plugins.build_timeout.operations.AbortAndRestartOperation$DescriptorImpl; skipping
2019-12-14 10:15:26.372+0000 [id=72]	INFO	h.ExtensionFinder$GuiceFinder$FaultTolerantScope$1#error: Failed to instantiate optional component hudson.plugins.build_timeout.operations.AbortAndRestartOperation$DescriptorImpl; skipping
2019-12-14 10:15:26.374+0000 [id=72]	INFO	h.ExtensionFinder$GuiceFinder$FaultTolerantScope$1#error: Failed to instantiate optional component hudson.plugins.build_timeout.operations.AbortAndRestartOperation$DescriptorImpl; skipping
2019-12-14 10:15:26.376+0000 [id=72]	INFO	h.ExtensionFinder$GuiceFinder$FaultTolerantScope$1#error: Failed to instantiate optional component hudson.plugins.build_timeout.operations.AbortAndRestartOperation$DescriptorImpl; skipping
2019-12-14 10:15:26.378+0000 [id=72]	INFO	h.ExtensionFinder$GuiceFinder$FaultTolerantScope$1#error: Failed to instantiate optional component hudson.plugins.build_timeout.operations.AbortAndRestartOperation$DescriptorImpl; skipping
2019-12-14 10:15:26.388+0000 [id=72]	INFO	h.ExtensionFinder$GuiceFinder$FaultTolerantScope$1#error: Failed to instantiate optional component hudson.plugins.build_timeout.operations.AbortAndRestartOperation$DescriptorImpl; skipping
2019-12-14 10:15:26.463+0000 [id=77]	INFO	jenkins.InitReactorRunner$1#onAttained: Started initialization
2019-12-14 10:15:26.494+0000 [id=77]	INFO	jenkins.InitReactorRunner$1#onAttained: Listed all plugins
2019-12-14 10:15:26.494+0000 [id=77]	INFO	jenkins.InitReactorRunner$1#onAttained: Prepared all plugins
2019-12-14 10:15:26.494+0000 [id=78]	INFO	jenkins.InitReactorRunner$1#onAttained: Started all plugins
2019-12-14 10:15:26.527+0000 [id=78]	INFO	jenkins.InitReactorRunner$1#onAttained: Augmented all extensions
2019-12-14 10:15:26.795+0000 [id=78]	INFO	jenkins.InitReactorRunner$1#onAttained: Loaded all jobs
2019-12-14 10:15:27.351+0000 [id=78]	INFO	jenkins.InitReactorRunner$1#onAttained: Completed initialization
2019-12-14 10:15:27.639+0000 [id=72]	INFO	h.m.UpdateCenter$CompleteBatchJob#run: Completed installation of 74 plugins in 38 sec
2019-12-14 10:35:10.248+0000 [id=16]	INFO	hudson.slaves.SlaveComputer#tryReconnect: Attempting to reconnect docker_apache
[12/14/19 10:35:10] SSH Launch of docker_apache on http://107.22.24.230/ failed in 82 ms
[12/14/19 10:35:18] SSH Launch of docker_apache on http://107.22.24.230/ failed in 1 ms
2019-12-14 10:35:37.460+0000 [id=31]	INFO	hudson.slaves.SlaveComputer#tryReconnect: Attempting to reconnect docker_apache
[12/14/19 10:35:37] SSH Launch of docker_apache on http://107.22.24.230/ failed in 11 ms
2019-12-14 10:35:55.509+0000 [id=15]	INFO	hudson.slaves.SlaveComputer#tryReconnect: Attempting to reconnect docker_apache
[12/14/19 10:35:56] SSH Launch of docker_apache on 107.22.24.230 failed in 890 ms
[12/14/19 10:35:57] SSH Launch of docker_apache on 107.22.24.230 failed in 340 ms
2019-12-14 10:36:54.988+0000 [id=13]	INFO	hudson.slaves.SlaveComputer#tryReconnect: Attempting to reconnect docker_apache
[12/14/19 10:36:55] SSH Launch of docker_apache on 107.22.24.230 failed in 242 ms
[12/14/19 10:36:58] SSH Launch of docker_apache on 107.22.24.230 failed in 218 ms
2019-12-14 10:37:37.460+0000 [id=32]	INFO	hudson.slaves.SlaveComputer#tryReconnect: Attempting to reconnect docker_apache
[12/14/19 10:37:37] SSH Launch of docker_apache on 107.22.24.230 failed in 214 ms
2019-12-14 10:51:37.460+0000 [id=32]	INFO	hudson.slaves.SlaveComputer#tryReconnect: Attempting to reconnect docker_apache
[12/14/19 10:51:37] SSH Launch of docker_apache on 107.22.24.230 failed in 217 ms
[12/14/19 11:06:44] SSH Launch of docker_apache on 107.22.24.230 failed in 226 ms
2019-12-14 11:13:37.460+0000 [id=27]	INFO	hudson.slaves.SlaveComputer#tryReconnect: Attempting to reconnect docker_apache
[12/14/19 11:13:37] SSH Launch of docker_apache on 107.22.24.230 failed in 225 ms
2019-12-14 11:37:37.460+0000 [id=38]	INFO	hudson.slaves.SlaveComputer#tryReconnect: Attempting to reconnect docker_apache
[12/14/19 11:37:38] SSH Launch of docker_apache on 107.22.24.230 failed in 581 ms
Running from: /root/jenkins.war
webroot: $user.home/.jenkins
2020-01-19 03:00:37.722+0000 [id=1]	INFO	org.eclipse.jetty.util.log.Log#initialized: Logging initialized @878ms to org.eclipse.jetty.util.log.JavaUtilLog
2020-01-19 03:00:37.987+0000 [id=1]	INFO	winstone.Logger#logInternal: Beginning extraction from war file
2020-01-19 03:00:38.060+0000 [id=1]	WARNING	o.e.j.s.handler.ContextHandler#setContextPath: Empty contextPath
2020-01-19 03:00:38.180+0000 [id=1]	INFO	org.eclipse.jetty.server.Server#doStart: jetty-9.4.z-SNAPSHOT; built: 2019-05-02T00:04:53.875Z; git: e1bc35120a6617ee3df052294e433f3a25ce7097; jvm 1.8.0_232-8u232-b09-0ubuntu1~18.04.1-b09
2020-01-19 03:00:39.034+0000 [id=1]	INFO	o.e.j.w.StandardDescriptorProcessor#visitServlet: NO JSP Support for /, did not find org.eclipse.jetty.jsp.JettyJspServlet
2020-01-19 03:00:39.150+0000 [id=1]	INFO	o.e.j.s.s.DefaultSessionIdManager#doStart: DefaultSessionIdManager workerName=node0
2020-01-19 03:00:39.158+0000 [id=1]	INFO	o.e.j.s.s.DefaultSessionIdManager#doStart: No SessionScavenger set, using defaults
2020-01-19 03:00:39.175+0000 [id=1]	INFO	o.e.j.server.session.HouseKeeper#startScavenging: node0 Scavenging every 600000ms
Jenkins home directory: /root/.jenkins found at: $user.home/.jenkins
2020-01-19 03:00:40.267+0000 [id=1]	INFO	o.e.j.s.handler.ContextHandler#doStart: Started w.@6d5620ce{Jenkins v2.190.3,/,file:///root/.jenkins/war/,AVAILABLE}{/root/.jenkins/war}
2020-01-19 03:00:40.294+0000 [id=1]	INFO	o.e.j.server.AbstractConnector#doStop: Stopped ServerConnector@1936f0f5{HTTP/1.1,[http/1.1]}{0.0.0.0:8080}
2020-01-19 03:00:40.296+0000 [id=1]	INFO	o.e.j.server.session.HouseKeeper#stopScavenging: node0 Stopped scavenging
2020-01-19 03:00:40.310+0000 [id=1]	INFO	hudson.WebAppMain#contextDestroyed: Shutting down a Jenkins instance that was still starting up
java.lang.Throwable: reason
	at hudson.WebAppMain.contextDestroyed(WebAppMain.java:388)
	at org.eclipse.jetty.server.handler.ContextHandler.callContextDestroyed(ContextHandler.java:965)
	at org.eclipse.jetty.servlet.ServletContextHandler.callContextDestroyed(ServletContextHandler.java:566)
	at org.eclipse.jetty.server.handler.ContextHandler.stopContext(ContextHandler.java:942)
	at org.eclipse.jetty.servlet.ServletContextHandler.stopContext(ServletContextHandler.java:376)
	at org.eclipse.jetty.webapp.WebAppContext.stopWebapp(WebAppContext.java:1503)
	at org.eclipse.jetty.webapp.WebAppContext.stopContext(WebAppContext.java:1467)
	at org.eclipse.jetty.server.handler.ContextHandler.doStop(ContextHandler.java:1009)
	at org.eclipse.jetty.servlet.ServletContextHandler.doStop(ServletContextHandler.java:288)
	at org.eclipse.jetty.webapp.WebAppContext.doStop(WebAppContext.java:569)
	at org.eclipse.jetty.util.component.AbstractLifeCycle.stop(AbstractLifeCycle.java:89)
	at org.eclipse.jetty.util.component.ContainerLifeCycle.stop(ContainerLifeCycle.java:178)
	at org.eclipse.jetty.util.component.ContainerLifeCycle.doStop(ContainerLifeCycle.java:199)
	at org.eclipse.jetty.server.handler.AbstractHandler.doStop(AbstractHandler.java:124)
	at org.eclipse.jetty.server.Server.doStop(Server.java:464)
	at org.eclipse.jetty.util.component.AbstractLifeCycle.stop(AbstractLifeCycle.java:89)
	at winstone.Launcher.shutdown(Launcher.java:313)
	at winstone.Launcher.<init>(Launcher.java:200)
	at winstone.Launcher.main(Launcher.java:362)
	at sun.reflect.NativeMethodAccessorImpl.invoke0(Native Method)
	at sun.reflect.NativeMethodAccessorImpl.invoke(NativeMethodAccessorImpl.java:62)
	at sun.reflect.DelegatingMethodAccessorImpl.invoke(DelegatingMethodAccessorImpl.java:43)
	at java.lang.reflect.Method.invoke(Method.java:498)
	at Main._main(Main.java:375)
	at Main.main(Main.java:151)
2020-01-19 03:00:40.317+0000 [id=1]	INFO	o.e.j.s.handler.ContextHandler#doStop: Stopped w.@6d5620ce{Jenkins v2.190.3,/,null,UNAVAILABLE}{/root/.jenkins/war}
Exception in thread "Jenkins initialization thread" java.lang.NoClassDefFoundError: hudson/util/HudsonFailedToLoad
	at hudson.WebAppMain$3.run(WebAppMain.java:247)
Caused by: java.lang.ClassNotFoundException: hudson.util.HudsonFailedToLoad
	at java.net.URLClassLoader.findClass(URLClassLoader.java:382)
	at java.lang.ClassLoader.loadClass(ClassLoader.java:418)
	at java.lang.ClassLoader.loadClass(ClassLoader.java:351)
	at org.eclipse.jetty.webapp.WebAppClassLoader.loadClass(WebAppClassLoader.java:555)
	at java.lang.ClassLoader.loadClass(ClassLoader.java:351)
	... 1 more
2020-01-19 03:00:40.323+0000 [id=1]	INFO	winstone.Logger#logInternal: Jetty shutdown successfully
java.io.IOException: Failed to start Jetty
	at winstone.Launcher.<init>(Launcher.java:189)
	at winstone.Launcher.main(Launcher.java:362)
	at sun.reflect.NativeMethodAccessorImpl.invoke0(Native Method)
	at sun.reflect.NativeMethodAccessorImpl.invoke(NativeMethodAccessorImpl.java:62)
	at sun.reflect.DelegatingMethodAccessorImpl.invoke(DelegatingMethodAccessorImpl.java:43)
	at java.lang.reflect.Method.invoke(Method.java:498)
	at Main._main(Main.java:375)
	at Main.main(Main.java:151)
Caused by: java.io.IOException: Failed to bind to 0.0.0.0/0.0.0.0:8080
	at org.eclipse.jetty.server.ServerConnector.openAcceptChannel(ServerConnector.java:346)
	at org.eclipse.jetty.server.ServerConnector.open(ServerConnector.java:308)
	at org.eclipse.jetty.server.AbstractNetworkConnector.doStart(AbstractNetworkConnector.java:80)
	at org.eclipse.jetty.server.ServerConnector.doStart(ServerConnector.java:236)
	at org.eclipse.jetty.util.component.AbstractLifeCycle.start(AbstractLifeCycle.java:68)
	at org.eclipse.jetty.server.Server.doStart(Server.java:396)
	at org.eclipse.jetty.util.component.AbstractLifeCycle.start(AbstractLifeCycle.java:68)
	at winstone.Launcher.<init>(Launcher.java:187)
	... 7 more
Caused by: java.net.BindException: Address already in use
	at sun.nio.ch.Net.bind0(Native Method)
	at sun.nio.ch.Net.bind(Net.java:433)
	at sun.nio.ch.Net.bind(Net.java:425)
	at sun.nio.ch.ServerSocketChannelImpl.bind(ServerSocketChannelImpl.java:223)
	at sun.nio.ch.ServerSocketAdaptor.bind(ServerSocketAdaptor.java:74)
	at org.eclipse.jetty.server.ServerConnector.openAcceptChannel(ServerConnector.java:342)
	... 14 more
2020-01-19 03:00:40.325+0000 [id=1]	SEVERE	winstone.Logger#logInternal: Container startup failed
java.net.BindException: Address already in use
	at sun.nio.ch.Net.bind0(Native Method)
	at sun.nio.ch.Net.bind(Net.java:433)
	at sun.nio.ch.Net.bind(Net.java:425)
	at sun.nio.ch.ServerSocketChannelImpl.bind(ServerSocketChannelImpl.java:223)
	at sun.nio.ch.ServerSocketAdaptor.bind(ServerSocketAdaptor.java:74)
	at org.eclipse.jetty.server.ServerConnector.openAcceptChannel(ServerConnector.java:342)
Caused: java.io.IOException: Failed to bind to 0.0.0.0/0.0.0.0:8080
	at org.eclipse.jetty.server.ServerConnector.openAcceptChannel(ServerConnector.java:346)
	at org.eclipse.jetty.server.ServerConnector.open(ServerConnector.java:308)
	at org.eclipse.jetty.server.AbstractNetworkConnector.doStart(AbstractNetworkConnector.java:80)
	at org.eclipse.jetty.server.ServerConnector.doStart(ServerConnector.java:236)
	at org.eclipse.jetty.util.component.AbstractLifeCycle.start(AbstractLifeCycle.java:68)
	at org.eclipse.jetty.server.Server.doStart(Server.java:396)
	at org.eclipse.jetty.util.component.AbstractLifeCycle.start(AbstractLifeCycle.java:68)
	at winstone.Launcher.<init>(Launcher.java:187)
Caused: java.io.IOException: Failed to start Jetty
	at winstone.Launcher.<init>(Launcher.java:189)
	at winstone.Launcher.main(Launcher.java:362)
	at sun.reflect.NativeMethodAccessorImpl.invoke0(Native Method)
	at sun.reflect.NativeMethodAccessorImpl.invoke(NativeMethodAccessorImpl.java:62)
	at sun.reflect.DelegatingMethodAccessorImpl.invoke(DelegatingMethodAccessorImpl.java:43)
	at java.lang.reflect.Method.invoke(Method.java:498)
	at Main._main(Main.java:375)
	at Main.main(Main.java:151)
